Parent ID:3146, Posix thread ID:16041, Linux Thread ID:16042, Thread 1 executing  
Parent ID:3146, Posix thread ID:16052, Linux Thread ID:16053, Thread 1 executing  
Parent ID:3146, Posix thread ID:16076, Linux Thread ID:16077, Thread 1 executing  
Parent ID:3146, Posix thread ID:16076, Linux Thread ID:16077, Thread 1 exiting  
Parent ID:3146, Posix thread ID:16076, Linux Thread ID:16078, Thread 2 executing  
Parent ID:3146, Posix thread ID:16076, Linux Thread ID:16078, SIGVTALRM received, CPU utilization is   
cpu  779501 1788 287577 11989693 29447 0 2819 0 0 0
cpu0 180976 297 64613 3022099 7803 0 573 0 0 0
cpu1 190524 614 72545 2992949 7448 0 884 0 0 0
cpu2 189839 323 69096 2984462 8073 0 842 0 0 0
cpu3 218160 553 81322 2990182 6122 0 518 0 0 0
ÿParent ID:3146, Posix thread ID:16076, Linux Thread ID:16078, SIGVTALRM received, CPU utilization is   
cpu  779520 1788 287584 11989718 29447 0 2819 0 0 0
cpu0 180978 297 64615 3022108 7803 0 573 0 0 0
cpu1 190531 614 72547 2992953 7448 0 884 0 0 0
cpu2 189843 323 69097 2984469 8073 0 842 0 0 0
cpu3 218166 553 81323 2990187 6122 0 518 0 0 0
ÿParent ID:3146, Posix thread ID:16076, Linux Thread ID:16078, SIGVTALRM received, CPU utilization is   
cpu  779535 1788 287589 11989743 29447 0 2819 0 0 0
cpu0 180980 297 64617 3022116 7803 0 573 0 0 0
cpu1 190534 614 72549 2992959 7448 0 884 0 0 0
cpu2 189850 323 69098 2984473 8073 0 842 0 0 0
cpu3 218170 553 81324 2990194 6122 0 518 0 0 0
ÿParent ID:3146, Posix thread ID:16076, Linux Thread ID:16078, SIGVTALRM received, CPU utilization is   
cpu  779552 1788 287593 11989766 29447 0 2819 0 0 0
cpu0 180981 297 64618 3022124 7803 0 573 0 0 0
cpu1 190538 614 72550 2992965 7448 0 884 0 0 0
cpu2 189861 323 69098 2984473 8073 0 842 0 0 0
cpu3 218171 553 81325 2990203 6122 0 518 0 0 0
ÿParent ID:3146, Posix thread ID:16076, Linux Thread ID:16078, SIGVTALRM received, CPU utilization is   
cpu  779570 1788 287599 11989784 29447 0 2819 0 0 0
cpu0 180983 297 64622 3022129 7803 0 573 0 0 0
cpu1 190542 614 72552 2992969 7448 0 884 0 0 0
cpu2 189867 323 69099 2984477 8073 0 842 0 0 0
cpu3 218176 553 81325 2990208 6122 0 518 0 0 0
ÿParent ID:3146, Posix thread ID:16076, Linux Thread ID:16078, SIGVTALRM received, CPU utilization is   
cpu  779583 1788 287601 11989810 29447 0 2819 0 0 0
cpu0 180985 297 64623 3022136 7803 0 573 0 0 0
cpu1 190544 614 72553 2992977 7448 0 884 0 0 0
cpu2 189874 323 69099 2984480 8073 0 842 0 0 0
cpu3 218179 553 81326 2990215 6122 0 518 0 0 0
ÿParent ID:3146, Posix thread ID:16076, Linux Thread ID:16078, SIGVTALRM received, CPU utilization is   
cpu  779599 1788 287606 11989832 29447 0 2819 0 0 0
cpu0 180987 297 64625 3022143 7803 0 573 0 0 0
cpu1 190547 614 72554 2992983 7448 0 884 0 0 0
cpu2 189884 323 69099 2984481 8073 0 842 0 0 0
cpu3 218180 553 81326 2990224 6122 0 518 0 0 0
ÿParent ID:3146, Posix thread ID:16076, Linux Thread ID:16078, SIGVTALRM received, CPU utilization is   
cpu  779616 1788 287611 11989851 29447 0 2819 0 0 0
cpu0 180989 297 64629 3022147 7803 0 573 0 0 0
cpu1 190550 614 72555 2992989 7448 0 884 0 0 0
cpu2 189895 323 69099 2984481 8073 0 842 0 0 0
cpu3 218181 553 81326 2990233 6122 0 518 0 0 0
ÿParent ID:3146, Posix thread ID:16076, Linux Thread ID:16078, SIGVTALRM received, CPU utilization is   
cpu  779632 1788 287613 11989874 29447 0 2819 0 0 0
cpu0 180991 297 64630 3022154 7803 0 573 0 0 0
cpu1 190553 614 72556 2992996 7448 0 884 0 0 0
cpu2 189905 323 69100 2984481 8073 0 842 0 0 0
cpu3 218182 553 81327 2990242 6122 0 518 0 0 0
ÿParent ID:3146, Posix thread ID:16076, Linux Thread ID:16078, SIGVTALRM received, CPU utilization is   
cpu  779649 1788 287617 11989895 29447 0 2819 0 0 0
cpu0 180994 297 64631 3022160 7803 0 573 0 0 0
cpu1 190556 614 72557 2993002 7448 0 884 0 0 0
cpu2 189915 323 69100 2984481 8073 0 842 0 0 0
cpu3 218183 553 81328 2990251 6122 0 518 0 0 0
ÿParent ID:3146, Posix thread ID:16076, Linux Thread ID:16078, SIGVTALRM received, CPU utilization is   
cpu  779667 1788 287624 11989912 29447 0 2819 0 0 0
cpu0 180998 297 64635 3022163 7803 0 573 0 0 0
cpu1 190560 614 72559 2993007 7448 0 884 0 0 0
cpu2 189925 323 69101 2984481 8073 0 842 0 0 0
cpu3 218184 553 81328 2990259 6122 0 518 0 0 0
ÿParent ID:3146, Posix thread ID:16076, Linux Thread ID:16078, SIGVTALRM received, CPU utilization is   
cpu  779683 1788 287629 11989936 29447 0 2819 0 0 0
cpu0 181000 297 64637 3022170 7803 0 573 0 0 0
cpu1 190562 614 72561 2993013 7448 0 884 0 0 0
cpu2 189935 323 69102 2984482 8073 0 842 0 0 0
cpu3 218184 553 81328 2990269 6122 0 518 0 0 0
ÿParent ID:3146, Posix thread ID:16076, Linux Thread ID:16078, SIGVTALRM received, CPU utilization is   
cpu  779699 1788 287633 11989958 29447 0 2819 0 0 0
cpu0 181002 297 64638 3022178 7803 0 573 0 0 0
cpu1 190565 614 72562 2993020 7448 0 884 0 0 0
cpu2 189945 323 69102 2984482 8073 0 842 0 0 0
cpu3 218186 553 81329 2990277 6122 0 518 0 0 0
ÿParent ID:3146, Posix thread ID:16131, Linux Thread ID:16132, Thread 1 executing  
Time: Mon Feb 19 02:21:35 2018
Parent ID:3146, Posix thread ID:16140, Linux Thread ID:16141, Thread 1 executing  
Parent ID:3146, Posix thread ID:16140, Linux Thread ID:16141, Thread 1 exiting  
Parent ID:3146, Posix thread ID:16140, Linux Thread ID:16142, Thread 2 executing  
Parent ID:3146, Posix thread ID:16140, Linux Thread ID:16142, SIGVTALRM received, CPU utilization is   
cpu  784025 1788 289573 12033208 29577 0 2833 0 0 0
cpu0 181859 297 65008 3033364 7816 0 576 0 0 0
cpu1 191660 614 73109 3003576 7540 0 889 0 0 0
cpu2 191132 323 69621 2995191 8073 0 846 0 0 0
cpu3 219372 553 81834 3001076 6147 0 521 0 0 0
ÿParent ID:3146, Posix thread ID:16140, Linux Thread ID:16142, SIGVTALRM received, CPU utilization is   
cpu  784041 1788 289577 12033232 29577 0 2833 0 0 0
cpu0 181861 297 65008 3033373 7816 0 576 0 0 0
cpu1 191662 614 73110 3003585 7540 0 889 0 0 0
cpu2 191142 323 69621 2995191 8073 0 846 0 0 0
cpu3 219375 553 81837 3001081 6147 0 521 0 0 0
ÿParent ID:3146, Posix thread ID:16140, Linux Thread ID:16142, SIGVTALRM received, CPU utilization is   
cpu  784057 1788 289581 12033255 29577 0 2833 0 0 0
cpu0 181863 297 65009 3033381 7816 0 576 0 0 0
cpu1 191663 614 73111 3003593 7540 0 889 0 0 0
cpu2 191152 323 69622 2995192 8073 0 846 0 0 0
cpu3 219377 553 81838 3001087 6147 0 521 0 0 0
ÿParent ID:3146, Posix thread ID:16140, Linux Thread ID:16142, SIGVTALRM received, CPU utilization is   
cpu  784074 1788 289588 12033275 29577 0 2833 0 0 0
cpu0 181865 297 65009 3033390 7816 0 576 0 0 0
cpu1 191665 614 73112 3003601 7540 0 889 0 0 0
cpu2 191162 323 69622 2995192 8073 0 846 0 0 0
cpu3 219381 553 81843 3001091 6147 0 521 0 0 0
ÿParent ID:3146, Posix thread ID:16140, Linux Thread ID:16142, SIGVTALRM received, CPU utilization is   
cpu  784090 1788 289591 12033295 29577 0 2833 0 0 0
cpu0 181867 297 65010 3033397 7816 0 576 0 0 0
cpu1 191666 614 73113 3003610 7540 0 889 0 0 0
cpu2 191172 323 69623 2995192 8073 0 846 0 0 0
cpu3 219383 553 81844 3001096 6147 0 521 0 0 0
ÿParent ID:3146, Posix thread ID:16140, Linux Thread ID:16142, SIGVTALRM received, CPU utilization is   
cpu  784106 1788 289596 12033316 29577 0 2833 0 0 0
cpu0 181868 297 65011 3033405 7816 0 576 0 0 0
cpu1 191669 614 73114 3003615 7540 0 889 0 0 0
cpu2 191182 323 69623 2995192 8073 0 846 0 0 0
cpu3 219385 553 81846 3001103 6147 0 521 0 0 0
ÿParent ID:3146, Posix thread ID:16140, Linux Thread ID:16142, SIGVTALRM received, CPU utilization is   
cpu  784124 1788 289602 12033334 29577 0 2833 0 0 0
cpu0 181871 297 65011 3033413 7816 0 576 0 0 0
cpu1 191673 614 73116 3003621 7540 0 889 0 0 0
cpu2 191192 323 69623 2995192 8073 0 846 0 0 0
cpu3 219387 553 81850 3001107 6147 0 521 0 0 0
ÿParent ID:3146, Posix thread ID:16140, Linux Thread ID:16142, SIGVTALRM received, CPU utilization is   
cpu  784139 1788 289605 12033356 29577 0 2833 0 0 0
cpu0 181873 297 65012 3033421 7816 0 576 0 0 0
cpu1 191675 614 73117 3003627 7540 0 889 0 0 0
cpu2 191202 323 69624 2995192 8073 0 846 0 0 0
cpu3 219388 553 81851 3001115 6147 0 521 0 0 0
ÿParent ID:3146, Posix thread ID:16140, Linux Thread ID:16142, SIGVTALRM received, CPU utilization is   
cpu  784156 1788 289609 12033376 29577 0 2833 0 0 0
cpu0 181874 297 65013 3033428 7816 0 576 0 0 0
cpu1 191678 614 73118 3003632 7540 0 889 0 0 0
cpu2 191212 323 69624 2995192 8073 0 846 0 0 0
cpu3 219390 553 81853 3001122 6147 0 521 0 0 0
ÿParent ID:3146, Posix thread ID:16140, Linux Thread ID:16142, SIGVTALRM received, CPU utilization is   
cpu  784174 1788 289614 12033393 29577 0 2833 0 0 0
cpu0 181877 297 65013 3033436 7816 0 576 0 0 0
cpu1 191682 614 73120 3003637 7540 0 889 0 0 0
cpu2 191222 323 69624 2995192 8073 0 846 0 0 0
cpu3 219392 553 81856 3001127 6147 0 521 0 0 0
ÿParent ID:3146, Posix thread ID:16140, Linux Thread ID:16142, SIGVTALRM received, CPU utilization is   
cpu  784191 1788 289617 12033414 29577 0 2834 0 0 0
cpu0 181879 297 65014 3033443 7816 0 576 0 0 0
cpu1 191685 614 73121 3003642 7540 0 889 0 0 0
cpu2 191232 323 69624 2995193 8073 0 846 0 0 0
cpu3 219393 553 81857 3001135 6147 0 521 0 0 0
ÿParent ID:3146, Posix thread ID:16140, Linux Thread ID:16142, SIGVTALRM received, CPU utilization is   
cpu  784207 1788 289621 12033435 29577 0 2834 0 0 0
cpu0 181881 297 65014 3033451 7816 0 577 0 0 0
cpu1 191688 614 73122 3003648 7540 0 889 0 0 0
cpu2 191242 323 69625 2995193 8073 0 846 0 0 0
cpu3 219394 553 81859 3001142 6147 0 521 0 0 0
ÿParent ID:3146, Posix thread ID:16140, Linux Thread ID:16142, SIGVTALRM received, CPU utilization is   
cpu  784224 1788 289627 12033452 29577 0 2834 0 0 0
cpu0 181882 297 65015 3033459 7816 0 577 0 0 0
cpu1 191692 614 73123 3003653 7540 0 889 0 0 0
cpu2 191252 323 69625 2995193 8073 0 846 0 0 0
cpu3 219397 553 81862 3001146 6147 0 521 0 0 0
ÿParent ID:3146, Posix thread ID:16140, Linux Thread ID:16142, SIGVTALRM received, CPU utilization is   
cpu  784241 1788 289630 12033473 29577 0 2834 0 0 0
cpu0 181885 297 65016 3033466 7816 0 577 0 0 0
cpu1 191694 614 73125 3003658 7540 0 889 0 0 0
cpu2 191262 323 69625 2995193 8073 0 846 0 0 0
cpu3 219398 553 81863 3001154 6147 0 521 0 0 0
ÿParent ID:3146, Posix thread ID:16140, Linux Thread ID:16142, SIGVTALRM received, CPU utilization is   
cpu  784257 1788 289635 12033494 29577 0 2834 0 0 0
cpu0 181887 297 65016 3033474 7816 0 577 0 0 0
cpu1 191698 614 73126 3003664 7540 0 889 0 0 0
cpu2 191272 323 69626 2995193 8073 0 846 0 0 0
cpu3 219399 553 81865 3001162 6147 0 521 0 0 0
ÿ