malloc(552)                                      = 0x88d010
malloc(120)                                      = 0x88d240
malloc(1024)                                     = 0x88d2c0
free(0x88d2c0)                                   = <void>
free(0x88d010)                                   = <void>
__libc_start_main(0x402a00, 3, 0x7ffcdcdd62b8, 0x413bb0 <unfinished ...>
strrchr("ls", '/')                               = nil
setlocale(LC_ALL, "" <unfinished ...>
malloc(5)                                        = 0x88d010
free(0x88d010)                                   = <void>
malloc(120)                                      = 0x88d030
malloc(12)                                       = 0x88d010
malloc(776)                                      = 0x88d0b0
malloc(112)                                      = 0x88d3c0
malloc(952)                                      = 0x88d440
malloc(216)                                      = 0x88d800
malloc(432)                                      = 0x88d8e0
malloc(104)                                      = 0x88daa0
malloc(88)                                       = 0x88db10
malloc(120)                                      = 0x88db70
malloc(168)                                      = 0x88dbf0
malloc(104)                                      = 0x88dca0
malloc(80)                                       = 0x88dd10
malloc(192)                                      = 0x88dd70
malloc(12)                                       = 0x88de40
malloc(12)                                       = 0x88de60
malloc(12)                                       = 0x88de80
malloc(12)                                       = 0x88dea0
malloc(12)                                       = 0x88dec0
malloc(12)                                       = 0x88dee0
malloc(12)                                       = 0x88df00
malloc(12)                                       = 0x88df20
malloc(12)                                       = 0x88df40
malloc(12)                                       = 0x88df60
malloc(12)                                       = 0x88df80
malloc(12)                                       = 0x88dfa0
malloc(12)                                       = 0x88dfc0
free(0)                                          = <void>
free(0)                                          = <void>
<... setlocale resumed> )                        = "en_US.UTF-8"
bindtextdomain("coreutils", "/usr/share/locale" <unfinished ...>
malloc(34)                                       = 0x88dfe0
<... bindtextdomain resumed> )                   = "/usr/share/locale"
textdomain("coreutils" <unfinished ...>
malloc(10)                                       = 0x88e010
<... textdomain resumed> )                       = "coreutils"
__cxa_atexit(0x40a320, 0, 0, 0)                  = 0
isatty(1)                                        = 0
getenv("QUOTING_STYLE")                          = nil
getenv("COLUMNS")                                = nil
ioctl(1, 21523, 0x7ffcdcdd5e50)                  = -1
getenv("TABSIZE")                                = nil
getopt_long(3, 0x7ffcdcdd62b8, "abcdfghiklmnopqrstuvw:xABCDFGHI:"..., 0x414da0, -1) = 108
getopt_long(3, 0x7ffcdcdd62b8, "abcdfghiklmnopqrstuvw:xABCDFGHI:"..., 0x414da0, -1) = 97
getopt_long(3, 0x7ffcdcdd62b8, "abcdfghiklmnopqrstuvw:xABCDFGHI:"..., 0x414da0, -1) = -1
getenv("LS_BLOCK_SIZE")                          = nil
getenv("BLOCK_SIZE")                             = nil
getenv("BLOCKSIZE")                              = nil
getenv("POSIXLY_CORRECT")                        = nil
getenv("BLOCK_SIZE")                             = nil
__errno_location()                               = 0x7f670504b6b8
malloc(56)                                       = 0x88e030
memcpy(0x88e030, "\0\0\0\0\0\0\0\0\0\0\0\0\0\0\0\0\0\0\0\0\0\0\0\0\0\0\0\0\0\0\0\0"..., 56) = 0x88e030
__errno_location()                               = 0x7f670504b6b8
malloc(56)                                       = 0x88e070
memcpy(0x88e070, "\0\0\0\0\0\0\0\0\0\0\0\0\0\0\0\0\0\0\0\0\0\0\0\0\0\0\0\0\0\0\0\0"..., 56) = 0x88e070
getenv("TIME_STYLE")                             = nil
strlen("locale")                                 = 6
strncmp("full-iso", "locale", 6)                 = -6
strncmp("long-iso", "locale", 6)                 = 11
strncmp("iso", "locale", 6)                      = -3
strncmp("locale", "locale", 6)                   = 0
strlen("locale")                                 = 6
setlocale(LC_TIME, nil)                          = "en_US.UTF-8"
dcgettext(0, 0x4169c4, 2, 5 <unfinished ...>
malloc(45)                                       = 0x88e0b0
free(0x88e0b0)                                   = <void>
malloc(552)                                      = 0x88e0f0
malloc(4096)                                     = 0x88e320
free(0x88e320)                                   = <void>
free(0x88e0f0)                                   = <void>
free(0)                                          = <void>
malloc(45)                                       = 0x88e0b0
malloc(72)                                       = 0x88e0f0
malloc(42)                                       = 0x88e140
malloc(56)                                       = 0x88e180
<... dcgettext resumed> )                        = 0x4169c4
dcgettext(0, 0x4169ce, 2, 25 <unfinished ...>
malloc(45)                                       = 0x88e1c0
free(0x88e1c0)                                   = <void>
<... dcgettext resumed> )                        = 0x4169ce
strstr("%b %e  %Y", "%b")                        = "%b %e  %Y"
nl_langinfo(0x2000e, 0x416508, 0, 25)            = 0x7f67041c3259
strlen("Jan")                                    = 3
__ctype_get_mb_cur_max()                         = 6
mbstowcs(0, 0x7f67041c3259, 0, 601 <unfinished ...>
malloc(208)                                      = 0x88e230
malloc(208)                                      = 0x88e310
<... mbstowcs resumed> )                         = 3
malloc(16)                                       = 0x88e3f0
mbstowcs(0x88e3f0, 0x7f67041c3259, 4, 0x7f6704c1cb20) = 3
iswprint(74, 0, 1, 4)                            = 0x4000
iswprint(97, 0, 1, 4)                            = 0x4000
iswprint(110, 0, 1, 4)                           = 0x4000
wcswidth(0x88e3f0, 4, 1, 4)                      = 3
mempcpy(0x61e760, 0x7f67041c3259, 3, 0x4ed8)     = 0x61e763
free(0x88e3f0)                                   = <void>
free(0)                                          = <void>
nl_langinfo(0x2000f, 0x7f6704c1cb28, 0, 0x6e00)  = 0x7f67041c325d
strlen("Feb")                                    = 3
__ctype_get_mb_cur_max()                         = 6
mbstowcs(0, 0x7f67041c325d, 0, 605)              = 3
malloc(16)                                       = 0x88e3f0
mbstowcs(0x88e3f0, 0x7f67041c325d, 4, 0x7f6704c1cb20) = 3
iswprint(70, 0, 1, 4)                            = 0x4000
iswprint(101, 0, 1, 4)                           = 0x4000
iswprint(98, 0, 1, 4)                            = 0x4000
wcswidth(0x88e3f0, 4, 1, 4)                      = 3
mempcpy(0x61e801, 0x7f67041c325d, 3, 0x4ed8)     = 0x61e804
free(0x88e3f0)                                   = <void>
free(0)                                          = <void>
nl_langinfo(0x20010, 0x7f6704c1cb28, 0, 0x6200)  = 0x7f67041c3261
strlen("Mar")                                    = 3
__ctype_get_mb_cur_max()                         = 6
mbstowcs(0, 0x7f67041c3261, 0, 609)              = 3
malloc(16)                                       = 0x88e3f0
mbstowcs(0x88e3f0, 0x7f67041c3261, 4, 0x7f6704c1cb20) = 3
iswprint(77, 0, 1, 4)                            = 0x4000
iswprint(97, 0, 1, 4)                            = 0x4000
iswprint(114, 0, 1, 4)                           = 0x4000
wcswidth(0x88e3f0, 4, 1, 4)                      = 3
mempcpy(0x61e8a2, 0x7f67041c3261, 3, 0x4ed8)     = 0x61e8a5
free(0x88e3f0)                                   = <void>
free(0)                                          = <void>
nl_langinfo(0x20011, 0x7f6704c1cb28, 0, 0x7200)  = 0x7f67041c3265
strlen("Apr")                                    = 3
__ctype_get_mb_cur_max()                         = 6
mbstowcs(0, 0x7f67041c3265, 0, 613)              = 3
malloc(16)                                       = 0x88e3f0
mbstowcs(0x88e3f0, 0x7f67041c3265, 4, 0x7f6704c1cb20) = 3
iswprint(65, 0, 1, 4)                            = 0x4000
iswprint(112, 0, 1, 4)                           = 0x4000
iswprint(114, 0, 1, 4)                           = 0x4000
wcswidth(0x88e3f0, 4, 1, 4)                      = 3
mempcpy(0x61e943, 0x7f67041c3265, 3, 0x4ed8)     = 0x61e946
free(0x88e3f0)                                   = <void>
free(0)                                          = <void>
nl_langinfo(0x20012, 0x7f6704c1cb28, 0, 0x7200)  = 0x7f67041c3269
strlen("May")                                    = 3
__ctype_get_mb_cur_max()                         = 6
mbstowcs(0, 0x7f67041c3269, 0, 617)              = 3
malloc(16)                                       = 0x88e3f0
mbstowcs(0x88e3f0, 0x7f67041c3269, 4, 0x7f6704c1cb20) = 3
iswprint(77, 0, 1, 4)                            = 0x4000
iswprint(97, 0, 1, 4)                            = 0x4000
iswprint(121, 0, 1, 4)                           = 0x4000
wcswidth(0x88e3f0, 4, 1, 4)                      = 3
mempcpy(0x61e9e4, 0x7f67041c3269, 3, 0x4ed8)     = 0x61e9e7
free(0x88e3f0)                                   = <void>
free(0)                                          = <void>
nl_langinfo(0x20013, 0x7f6704c1cb28, 0, 0x7900)  = 0x7f67041c326d
strlen("Jun")                                    = 3
__ctype_get_mb_cur_max()                         = 6
mbstowcs(0, 0x7f67041c326d, 0, 621)              = 3
malloc(16)                                       = 0x88e3f0
mbstowcs(0x88e3f0, 0x7f67041c326d, 4, 0x7f6704c1cb20) = 3
iswprint(74, 0, 1, 4)                            = 0x4000
iswprint(117, 0, 1, 4)                           = 0x4000
iswprint(110, 0, 1, 4)                           = 0x4000
wcswidth(0x88e3f0, 4, 1, 4)                      = 3
mempcpy(0x61ea85, 0x7f67041c326d, 3, 0x4ed8)     = 0x61ea88
free(0x88e3f0)                                   = <void>
free(0)                                          = <void>
nl_langinfo(0x20014, 0x7f6704c1cb28, 0, 0x6e00)  = 0x7f67041c3271
strlen("Jul")                                    = 3
__ctype_get_mb_cur_max()                         = 6
mbstowcs(0, 0x7f67041c3271, 0, 625)              = 3
malloc(16)                                       = 0x88e3f0
mbstowcs(0x88e3f0, 0x7f67041c3271, 4, 0x7f6704c1cb20) = 3
iswprint(74, 0, 1, 4)                            = 0x4000
iswprint(117, 0, 1, 4)                           = 0x4000
iswprint(108, 0, 1, 4)                           = 0x4000
wcswidth(0x88e3f0, 4, 1, 4)                      = 3
mempcpy(0x61eb26, 0x7f67041c3271, 3, 0x4ed8)     = 0x61eb29
free(0x88e3f0)                                   = <void>
free(0)                                          = <void>
nl_langinfo(0x20015, 0x7f6704c1cb28, 0, 0x6c00)  = 0x7f67041c3275
strlen("Aug")                                    = 3
__ctype_get_mb_cur_max()                         = 6
mbstowcs(0, 0x7f67041c3275, 0, 629)              = 3
malloc(16)                                       = 0x88e3f0
mbstowcs(0x88e3f0, 0x7f67041c3275, 4, 0x7f6704c1cb20) = 3
iswprint(65, 0, 1, 4)                            = 0x4000
iswprint(117, 0, 1, 4)                           = 0x4000
iswprint(103, 0, 1, 4)                           = 0x4000
wcswidth(0x88e3f0, 4, 1, 4)                      = 3
mempcpy(0x61ebc7, 0x7f67041c3275, 3, 0x4ed8)     = 0x61ebca
free(0x88e3f0)                                   = <void>
free(0)                                          = <void>
nl_langinfo(0x20016, 0x7f6704c1cb28, 0, 0x6700)  = 0x7f67041c3279
strlen("Sep")                                    = 3
__ctype_get_mb_cur_max()                         = 6
mbstowcs(0, 0x7f67041c3279, 0, 633)              = 3
malloc(16)                                       = 0x88e3f0
mbstowcs(0x88e3f0, 0x7f67041c3279, 4, 0x7f6704c1cb20) = 3
iswprint(83, 0, 1, 4)                            = 0x4000
iswprint(101, 0, 1, 4)                           = 0x4000
iswprint(112, 0, 1, 4)                           = 0x4000
wcswidth(0x88e3f0, 4, 1, 4)                      = 3
mempcpy(0x61ec68, 0x7f67041c3279, 3, 0x4ed8)     = 0x61ec6b
free(0x88e3f0)                                   = <void>
free(0)                                          = <void>
nl_langinfo(0x20017, 0x7f6704c1cb28, 0, 0x7000)  = 0x7f67041c327d
strlen("Oct")                                    = 3
__ctype_get_mb_cur_max()                         = 6
mbstowcs(0, 0x7f67041c327d, 0, 637)              = 3
malloc(16)                                       = 0x88e3f0
mbstowcs(0x88e3f0, 0x7f67041c327d, 4, 0x7f6704c1cb20) = 3
iswprint(79, 0, 1, 4)                            = 0x4000
iswprint(99, 0, 1, 4)                            = 0x4000
iswprint(116, 0, 1, 4)                           = 0x4000
wcswidth(0x88e3f0, 4, 1, 4)                      = 3
mempcpy(0x61ed09, 0x7f67041c327d, 3, 0x4ed8)     = 0x61ed0c
free(0x88e3f0)                                   = <void>
free(0)                                          = <void>
nl_langinfo(0x20018, 0x7f6704c1cb28, 0, 0x7400)  = 0x7f67041c3281
strlen("Nov")                                    = 3
__ctype_get_mb_cur_max()                         = 6
mbstowcs(0, 0x7f67041c3281, 0, 641)              = 3
malloc(16)                                       = 0x88e3f0
mbstowcs(0x88e3f0, 0x7f67041c3281, 4, 0x7f6704c1cb20) = 3
iswprint(78, 0, 1, 4)                            = 0x4000
iswprint(111, 0, 1, 4)                           = 0x4000
iswprint(118, 0, 1, 4)                           = 0x4000
wcswidth(0x88e3f0, 4, 1, 4)                      = 3
mempcpy(0x61edaa, 0x7f67041c3281, 3, 0x4ed8)     = 0x61edad
free(0x88e3f0)                                   = <void>
free(0)                                          = <void>
nl_langinfo(0x20019, 0x7f6704c1cb28, 0, 0x7600)  = 0x7f67041c3285
strlen("Dec")                                    = 3
__ctype_get_mb_cur_max()                         = 6
mbstowcs(0, 0x7f67041c3285, 0, 645)              = 3
malloc(16)                                       = 0x88e3f0
mbstowcs(0x88e3f0, 0x7f67041c3285, 4, 0x7f6704c1cb20) = 3
iswprint(68, 0, 1, 4)                            = 0x4000
iswprint(101, 0, 1, 4)                           = 0x4000
iswprint(99, 0, 1, 4)                            = 0x4000
wcswidth(0x88e3f0, 4, 1, 4)                      = 3
mempcpy(0x61ee4b, 0x7f67041c3285, 3, 0x4ed8)     = 0x61ee4e
free(0x88e3f0)                                   = <void>
free(0)                                          = <void>
nl_langinfo(0x2000e, 0x7f6704c1cb28, 0, 0x6300)  = 0x7f67041c3259
strlen("Jan")                                    = 3
__ctype_get_mb_cur_max()                         = 6
mbstowcs(0, 0x7f67041c3259, 0, 601)              = 3
malloc(16)                                       = 0x88e3f0
mbstowcs(0x88e3f0, 0x7f67041c3259, 4, 0x7f6704c1cb20) = 3
iswprint(74, 0, 1, 4)                            = 0x4000
iswprint(97, 0, 1, 4)                            = 0x4000
iswprint(110, 0, 1, 4)                           = 0x4000
wcswidth(0x88e3f0, 4, 1, 4)                      = 3
mempcpy(0x61e760, 0x7f67041c3259, 3, 0x4ed8)     = 0x61e763
free(0x88e3f0)                                   = <void>
free(0)                                          = <void>
nl_langinfo(0x2000f, 0x7f6704c1cb28, 0, 0x6e00)  = 0x7f67041c325d
strlen("Feb")                                    = 3
__ctype_get_mb_cur_max()                         = 6
mbstowcs(0, 0x7f67041c325d, 0, 605)              = 3
malloc(16)                                       = 0x88e3f0
mbstowcs(0x88e3f0, 0x7f67041c325d, 4, 0x7f6704c1cb20) = 3
iswprint(70, 0, 1, 4)                            = 0x4000
iswprint(101, 0, 1, 4)                           = 0x4000
iswprint(98, 0, 1, 4)                            = 0x4000
wcswidth(0x88e3f0, 4, 1, 4)                      = 3
mempcpy(0x61e801, 0x7f67041c325d, 3, 0x4ed8)     = 0x61e804
free(0x88e3f0)                                   = <void>
free(0)                                          = <void>
nl_langinfo(0x20010, 0x7f6704c1cb28, 0, 0x6200)  = 0x7f67041c3261
strlen("Mar")                                    = 3
__ctype_get_mb_cur_max()                         = 6
mbstowcs(0, 0x7f67041c3261, 0, 609)              = 3
malloc(16)                                       = 0x88e3f0
mbstowcs(0x88e3f0, 0x7f67041c3261, 4, 0x7f6704c1cb20) = 3
iswprint(77, 0, 1, 4)                            = 0x4000
iswprint(97, 0, 1, 4)                            = 0x4000
iswprint(114, 0, 1, 4)                           = 0x4000
wcswidth(0x88e3f0, 4, 1, 4)                      = 3
mempcpy(0x61e8a2, 0x7f67041c3261, 3, 0x4ed8)     = 0x61e8a5
free(0x88e3f0)                                   = <void>
free(0)                                          = <void>
nl_langinfo(0x20011, 0x7f6704c1cb28, 0, 0x7200)  = 0x7f67041c3265
strlen("Apr")                                    = 3
__ctype_get_mb_cur_max()                         = 6
mbstowcs(0, 0x7f67041c3265, 0, 613)              = 3
malloc(16)                                       = 0x88e3f0
mbstowcs(0x88e3f0, 0x7f67041c3265, 4, 0x7f6704c1cb20) = 3
iswprint(65, 0, 1, 4)                            = 0x4000
iswprint(112, 0, 1, 4)                           = 0x4000
iswprint(114, 0, 1, 4)                           = 0x4000
wcswidth(0x88e3f0, 4, 1, 4)                      = 3
mempcpy(0x61e943, 0x7f67041c3265, 3, 0x4ed8)     = 0x61e946
free(0x88e3f0)                                   = <void>
free(0)                                          = <void>
nl_langinfo(0x20012, 0x7f6704c1cb28, 0, 0x7200)  = 0x7f67041c3269
strlen("May")                                    = 3
__ctype_get_mb_cur_max()                         = 6
mbstowcs(0, 0x7f67041c3269, 0, 617)              = 3
malloc(16)                                       = 0x88e3f0
mbstowcs(0x88e3f0, 0x7f67041c3269, 4, 0x7f6704c1cb20) = 3
iswprint(77, 0, 1, 4)                            = 0x4000
iswprint(97, 0, 1, 4)                            = 0x4000
iswprint(121, 0, 1, 4)                           = 0x4000
wcswidth(0x88e3f0, 4, 1, 4)                      = 3
mempcpy(0x61e9e4, 0x7f67041c3269, 3, 0x4ed8)     = 0x61e9e7
free(0x88e3f0)                                   = <void>
free(0)                                          = <void>
nl_langinfo(0x20013, 0x7f6704c1cb28, 0, 0x7900)  = 0x7f67041c326d
strlen("Jun")                                    = 3
__ctype_get_mb_cur_max()                         = 6
mbstowcs(0, 0x7f67041c326d, 0, 621)              = 3
malloc(16)                                       = 0x88e3f0
mbstowcs(0x88e3f0, 0x7f67041c326d, 4, 0x7f6704c1cb20) = 3
iswprint(74, 0, 1, 4)                            = 0x4000
iswprint(117, 0, 1, 4)                           = 0x4000
iswprint(110, 0, 1, 4)                           = 0x4000
wcswidth(0x88e3f0, 4, 1, 4)                      = 3
mempcpy(0x61ea85, 0x7f67041c326d, 3, 0x4ed8)     = 0x61ea88
free(0x88e3f0)                                   = <void>
free(0)                                          = <void>
nl_langinfo(0x20014, 0x7f6704c1cb28, 0, 0x6e00)  = 0x7f67041c3271
strlen("Jul")                                    = 3
__ctype_get_mb_cur_max()                         = 6
mbstowcs(0, 0x7f67041c3271, 0, 625)              = 3
malloc(16)                                       = 0x88e3f0
mbstowcs(0x88e3f0, 0x7f67041c3271, 4, 0x7f6704c1cb20) = 3
iswprint(74, 0, 1, 4)                            = 0x4000
iswprint(117, 0, 1, 4)                           = 0x4000
iswprint(108, 0, 1, 4)                           = 0x4000
wcswidth(0x88e3f0, 4, 1, 4)                      = 3
mempcpy(0x61eb26, 0x7f67041c3271, 3, 0x4ed8)     = 0x61eb29
free(0x88e3f0)                                   = <void>
free(0)                                          = <void>
nl_langinfo(0x20015, 0x7f6704c1cb28, 0, 0x6c00)  = 0x7f67041c3275
strlen("Aug")                                    = 3
__ctype_get_mb_cur_max()                         = 6
mbstowcs(0, 0x7f67041c3275, 0, 629)              = 3
malloc(16)                                       = 0x88e3f0
mbstowcs(0x88e3f0, 0x7f67041c3275, 4, 0x7f6704c1cb20) = 3
iswprint(65, 0, 1, 4)                            = 0x4000
iswprint(117, 0, 1, 4)                           = 0x4000
iswprint(103, 0, 1, 4)                           = 0x4000
wcswidth(0x88e3f0, 4, 1, 4)                      = 3
mempcpy(0x61ebc7, 0x7f67041c3275, 3, 0x4ed8)     = 0x61ebca
free(0x88e3f0)                                   = <void>
free(0)                                          = <void>
nl_langinfo(0x20016, 0x7f6704c1cb28, 0, 0x6700)  = 0x7f67041c3279
strlen("Sep")                                    = 3
__ctype_get_mb_cur_max()                         = 6
mbstowcs(0, 0x7f67041c3279, 0, 633)              = 3
malloc(16)                                       = 0x88e3f0
mbstowcs(0x88e3f0, 0x7f67041c3279, 4, 0x7f6704c1cb20) = 3
iswprint(83, 0, 1, 4)                            = 0x4000
iswprint(101, 0, 1, 4)                           = 0x4000
iswprint(112, 0, 1, 4)                           = 0x4000
wcswidth(0x88e3f0, 4, 1, 4)                      = 3
mempcpy(0x61ec68, 0x7f67041c3279, 3, 0x4ed8)     = 0x61ec6b
free(0x88e3f0)                                   = <void>
free(0)                                          = <void>
nl_langinfo(0x20017, 0x7f6704c1cb28, 0, 0x7000)  = 0x7f67041c327d
strlen("Oct")                                    = 3
__ctype_get_mb_cur_max()                         = 6
mbstowcs(0, 0x7f67041c327d, 0, 637)              = 3
malloc(16)                                       = 0x88e3f0
mbstowcs(0x88e3f0, 0x7f67041c327d, 4, 0x7f6704c1cb20) = 3
iswprint(79, 0, 1, 4)                            = 0x4000
iswprint(99, 0, 1, 4)                            = 0x4000
iswprint(116, 0, 1, 4)                           = 0x4000
wcswidth(0x88e3f0, 4, 1, 4)                      = 3
mempcpy(0x61ed09, 0x7f67041c327d, 3, 0x4ed8)     = 0x61ed0c
free(0x88e3f0)                                   = <void>
free(0)                                          = <void>
nl_langinfo(0x20018, 0x7f6704c1cb28, 0, 0x7400)  = 0x7f67041c3281
strlen("Nov")                                    = 3
__ctype_get_mb_cur_max()                         = 6
mbstowcs(0, 0x7f67041c3281, 0, 641)              = 3
malloc(16)                                       = 0x88e3f0
mbstowcs(0x88e3f0, 0x7f67041c3281, 4, 0x7f6704c1cb20) = 3
iswprint(78, 0, 1, 4)                            = 0x4000
iswprint(111, 0, 1, 4)                           = 0x4000
iswprint(118, 0, 1, 4)                           = 0x4000
wcswidth(0x88e3f0, 4, 1, 4)                      = 3
mempcpy(0x61edaa, 0x7f67041c3281, 3, 0x4ed8)     = 0x61edad
free(0x88e3f0)                                   = <void>
free(0)                                          = <void>
nl_langinfo(0x20019, 0x7f6704c1cb28, 0, 0x7600)  = 0x7f67041c3285
strlen("Dec")                                    = 3
__ctype_get_mb_cur_max()                         = 6
mbstowcs(0, 0x7f67041c3285, 0, 645)              = 3
malloc(16)                                       = 0x88e3f0
mbstowcs(0x88e3f0, 0x7f67041c3285, 4, 0x7f6704c1cb20) = 3
iswprint(68, 0, 1, 4)                            = 0x4000
iswprint(101, 0, 1, 4)                           = 0x4000
iswprint(99, 0, 1, 4)                            = 0x4000
wcswidth(0x88e3f0, 4, 1, 4)                      = 3
mempcpy(0x61ee4b, 0x7f67041c3285, 3, 0x4ed8)     = 0x61ee4e
free(0x88e3f0)                                   = <void>
free(0)                                          = <void>
getenv("TZ")                                     = nil
malloc(128)                                      = 0x88e410
malloc(19200)                                    = 0x890190
__lxstat(1, "/home/vipraja/hw2", 0x8901a0)       = 0
lgetfilecon(0x7ffcdcdd82b9, 0x890238, 0, 0x7f670494ec85) = 0xffffffff
__errno_location()                               = 0x7f670504b6b8
getxattr(0x7ffcdcdd82b9, 0x418b7b, 0, 0)         = -1
__errno_location()                               = 0x7f670504b6b8
getxattr(0x7ffcdcdd82b9, 0x418b93, 0, 0)         = -1
__errno_location()                               = 0x7f670504b6b8
localeconv(8, 0x7ffcdcdd5b40, 0, 0)              = 0x7f6704c1da40
strlen(".")                                      = 1
strlen(",")                                      = 1
strlen("4")                                      = 1
__ctype_get_mb_cur_max()                         = 6
getpwuid(1000, 0, 0, 3526 <unfinished ...>
malloc(1024)                                     = 0x88e4a0
malloc(552)                                      = 0x88e8b0
malloc(16)                                       = 0x88e3f0
malloc(120)                                      = 0x88eae0
malloc(4096)                                     = 0x894ca0
malloc(23)                                       = 0x88e1c0
malloc(55)                                       = 0x88eb60
malloc(22)                                       = 0x88e1e0
malloc(55)                                       = 0x88eba0
malloc(23)                                       = 0x88ebe0
malloc(55)                                       = 0x88ec00
malloc(24)                                       = 0x88ec40
malloc(54)                                       = 0x88ec60
malloc(22)                                       = 0x88eca0
malloc(54)                                       = 0x88ecc0
malloc(62)                                       = 0x88ed00
malloc(52)                                       = 0x88ed50
malloc(25)                                       = 0x88ed90
malloc(54)                                       = 0x88edc0
malloc(26)                                       = 0x88ee00
malloc(51)                                       = 0x88ee30
malloc(54)                                       = 0x88ee70
malloc(25)                                       = 0x88eeb0
malloc(51)                                       = 0x88eee0
malloc(54)                                       = 0x88ef20
malloc(23)                                       = 0x88ef60
malloc(51)                                       = 0x88ef80
malloc(54)                                       = 0x88efc0
malloc(20)                                       = 0x88f000
malloc(51)                                       = 0x88f020
malloc(54)                                       = 0x88f060
malloc(25)                                       = 0x88f0a0
malloc(52)                                       = 0x88f0d0
free(0x88eae0)                                   = <void>
free(0x894ca0)                                   = <void>
free(0x88e8b0)                                   = <void>
malloc(32)                                       = 0x88f110
malloc(16)                                       = 0x88f140
malloc(24)                                       = 0x88f160
malloc(52)                                       = 0x88ea50
malloc(17)                                       = 0x88ea90
malloc(32)                                       = 0x88eab0
malloc(16)                                       = 0x88eae0
malloc(24)                                       = 0x88eb00
malloc(32)                                       = 0x896200
malloc(16)                                       = 0x88f310
malloc(32)                                       = 0x896230
malloc(16)                                       = 0x896260
malloc(32)                                       = 0x896280
malloc(16)                                       = 0x8962b0
malloc(32)                                       = 0x8962d0
malloc(16)                                       = 0x896300
malloc(552)                                      = 0x896320
free(0x896320)                                   = <void>
<... getpwuid resumed> )                         = 0x7f6704c1edc0
strlen("vipraja")                                = 7
malloc(24)                                       = 0x896320
strcpy(0x896330, "vipraja")                      = 0x896330
strlen("vipraja")                                = 7
__ctype_get_mb_cur_max()                         = 6
getgrgid(1000, 0, 0, 816 <unfinished ...>
malloc(1024)                                     = 0x896340
malloc(32)                                       = 0x896750
malloc(16)                                       = 0x896780
malloc(52)                                       = 0x8967a0
malloc(17)                                       = 0x8967e0
malloc(32)                                       = 0x896800
malloc(16)                                       = 0x896830
malloc(32)                                       = 0x896850
malloc(16)                                       = 0x896880
malloc(32)                                       = 0x8968a0
malloc(16)                                       = 0x8968d0
malloc(32)                                       = 0x8968f0
malloc(16)                                       = 0x896920
malloc(32)                                       = 0x896940
malloc(16)                                       = 0x896970
malloc(552)                                      = 0x896990
free(0x896990)                                   = <void>
<... getgrgid resumed> )                         = 0x7f6704c1ec20
strlen("vipraja")                                = 7
malloc(24)                                       = 0x896990
strcpy(0x8969a0, "vipraja")                      = 0x8969a0
strlen("vipraja")                                = 7
__ctype_get_mb_cur_max()                         = 6
strlen("2")                                      = 1
localeconv(4096, 0x7ffcdcdd5b40, 0, 0)           = 0x7f6704c1da40
strlen(".")                                      = 1
strlen(",")                                      = 1
strlen("4096")                                   = 4
__ctype_get_mb_cur_max()                         = 6
strlen("/home/vipraja/hw2")                      = 17
malloc(18)                                       = 0x8969b0
memcpy(0x8969b0, "/home/vipraja/hw2\0", 18)      = 0x8969b0
free(0)                                          = <void>
malloc(24)                                       = 0x8969d0
_setjmp(0x61e680, 0x8969e0, 0x890250, 0x8969d8)  = 0
malloc(32)                                       = 0x8969f0
strlen("/home/vipraja/hw2")                      = 17
malloc(18)                                       = 0x896a20
memcpy(0x896a20, "/home/vipraja/hw2\0", 18)      = 0x896a20
free(0x8969b0)                                   = <void>
free(0)                                          = <void>
__errno_location()                               = 0x7f670504b6b8
opendir("/home/vipraja/hw2" <unfinished ...>
malloc(32816)                                    = 0x896a40
<... opendir resumed> )                          = 0x896a40
readdir(0x896a40)                                = 0x896a70
strlen("problem3.c")                             = 10
strlen("/home/vipraja/hw2")                      = 17
__lxstat(1, "/home/vipraja/hw2/problem3.c", 0x8901a0) = 0
lgetfilecon(0x7ffcdcdd5a40, 0x890238, 0, 0x7f670494ec85) = 0xffffffff
__errno_location()                               = 0x7f670504b6b8
getxattr(0x7ffcdcdd5a40, 0x418b7b, 0, 0)         = -1
__errno_location()                               = 0x7f670504b6b8
localeconv(0, 0x7ffcdcdd5b40, 0, 0)              = 0x7f6704c1da40
strlen(".")                                      = 1
strlen(",")                                      = 1
strlen("0")                                      = 1
__ctype_get_mb_cur_max()                         = 6
strlen("vipraja")                                = 7
__ctype_get_mb_cur_max()                         = 6
strlen("vipraja")                                = 7
__ctype_get_mb_cur_max()                         = 6
strlen("1")                                      = 1
localeconv(0, 0x7ffcdcdd5b40, 0, 0)              = 0x7f6704c1da40
strlen(".")                                      = 1
strlen(",")                                      = 1
strlen("0")                                      = 1
__ctype_get_mb_cur_max()                         = 6
strlen("problem3.c")                             = 10
malloc(11)                                       = 0x8969b0
memcpy(0x8969b0, "problem3.c\0", 11)             = 0x8969b0
readdir(0x896a40)                                = 0x896a90
strlen("..")                                     = 2
strlen("/home/vipraja/hw2")                      = 17
__lxstat(1, "/home/vipraja/hw2/..", 0x890260)    = 0
lgetfilecon(0x7ffcdcdd5a40, 0x8902f8, 0, 0x7f670494ec85) = 0xffffffff
__errno_location()                               = 0x7f670504b6b8
getxattr(0x7ffcdcdd5a40, 0x418b7b, 0, 0)         = -1
__errno_location()                               = 0x7f670504b6b8
getxattr(0x7ffcdcdd5a40, 0x418b93, 0, 0)         = -1
__errno_location()                               = 0x7f670504b6b8
localeconv(8, 0x7ffcdcdd5b40, 0, 0)              = 0x7f6704c1da40
strlen(".")                                      = 1
strlen(",")                                      = 1
strlen("4")                                      = 1
__ctype_get_mb_cur_max()                         = 6
strlen("vipraja")                                = 7
__ctype_get_mb_cur_max()                         = 6
strlen("vipraja")                                = 7
__ctype_get_mb_cur_max()                         = 6
strlen("28")                                     = 2
localeconv(4096, 0x7ffcdcdd5b40, 0, 0)           = 0x7f6704c1da40
strlen(".")                                      = 1
strlen(",")                                      = 1
strlen("4096")                                   = 4
__ctype_get_mb_cur_max()                         = 6
strlen("..")                                     = 2
malloc(3)                                        = 0x89ea80
memcpy(0x89ea80, "..\0", 3)                      = 0x89ea80
readdir(0x896a40)                                = 0x896aa8
strlen("strace_newopen.log")                     = 18
strlen("/home/vipraja/hw2")                      = 17
__lxstat(1, "/home/vipraja/hw2/strace_newopen"..., 0x890320) = 0
lgetfilecon(0x7ffcdcdd5a30, 0x8903b8, 0, 0x7f670494ec85) = 0xffffffff
__errno_location()                               = 0x7f670504b6b8
getxattr(0x7ffcdcdd5a30, 0x418b7b, 0, 0)         = -1
__errno_location()                               = 0x7f670504b6b8
localeconv(8, 0x7ffcdcdd5b40, 0, 0)              = 0x7f6704c1da40
strlen(".")                                      = 1
strlen(",")                                      = 1
strlen("4")                                      = 1
__ctype_get_mb_cur_max()                         = 6
strlen("vipraja")                                = 7
__ctype_get_mb_cur_max()                         = 6
strlen("vipraja")                                = 7
__ctype_get_mb_cur_max()                         = 6
strlen("1")                                      = 1
localeconv(782, 0x7ffcdcdd5b40, 0, 0)            = 0x7f6704c1da40
strlen(".")                                      = 1
strlen(",")                                      = 1
strlen("782")                                    = 3
__ctype_get_mb_cur_max()                         = 6
strlen("strace_newopen.log")                     = 18
malloc(19)                                       = 0x89eaa0
memcpy(0x89eaa0, "strace_newopen.log\0", 19)     = 0x89eaa0
readdir(0x896a40)                                = 0x896ad0
strlen("ltrace1.log")                            = 11
strlen("/home/vipraja/hw2")                      = 17
__lxstat(1, "/home/vipraja/hw2/ltrace1.log", 0x8903e0) = 0
lgetfilecon(0x7ffcdcdd5a40, 0x890478, 0, 0x7f670494ec85) = 0xffffffff
__errno_location()                               = 0x7f670504b6b8
getxattr(0x7ffcdcdd5a40, 0x418b7b, 0, 0)         = -1
__errno_location()                               = 0x7f670504b6b8
localeconv(8, 0x7ffcdcdd5b40, 0, 0)              = 0x7f6704c1da40
strlen(".")                                      = 1
strlen(",")                                      = 1
strlen("4")                                      = 1
__ctype_get_mb_cur_max()                         = 6
strlen("vipraja")                                = 7
__ctype_get_mb_cur_max()                         = 6
strlen("vipraja")                                = 7
__ctype_get_mb_cur_max()                         = 6
strlen("1")                                      = 1
localeconv(1522, 0x7ffcdcdd5b40, 0, 0)           = 0x7f6704c1da40
strlen(".")                                      = 1
strlen(",")                                      = 1
strlen("1522")                                   = 4
__ctype_get_mb_cur_max()                         = 6
strlen("ltrace1.log")                            = 11
malloc(12)                                       = 0x89eac0
memcpy(0x89eac0, "ltrace1.log\0", 12)            = 0x89eac0
readdir(0x896a40)                                = 0x896af0
strlen("a.out")                                  = 5
strlen("/home/vipraja/hw2")                      = 17
__lxstat(1, "/home/vipraja/hw2/a.out", 0x8904a0) = 0
lgetfilecon(0x7ffcdcdd5a40, 0x890538, 0, 0x7f670494ec85) = 0xffffffff
__errno_location()                               = 0x7f670504b6b8
getxattr(0x7ffcdcdd5a40, 0x418b7b, 0, 0)         = -1
__errno_location()                               = 0x7f670504b6b8
localeconv(32, 0x7ffcdcdd5b40, 0, 0)             = 0x7f6704c1da40
strlen(".")                                      = 1
strlen(",")                                      = 1
strlen("16")                                     = 2
__ctype_get_mb_cur_max()                         = 6
strlen("vipraja")                                = 7
__ctype_get_mb_cur_max()                         = 6
strlen("vipraja")                                = 7
__ctype_get_mb_cur_max()                         = 6
strlen("1")                                      = 1
localeconv(0x3418, 0x7ffcdcdd5b40, 0, 0)         = 0x7f6704c1da40
strlen(".")                                      = 1
strlen(",")                                      = 1
strlen("13336")                                  = 5
__ctype_get_mb_cur_max()                         = 6
strlen("a.out")                                  = 5
malloc(6)                                        = 0x89eae0
memcpy(0x89eae0, "a.out\0", 6)                   = 0x89eae0
readdir(0x896a40)                                = 0x896b10
strlen("strace_new.log")                         = 14
strlen("/home/vipraja/hw2")                      = 17
__lxstat(1, "/home/vipraja/hw2/strace_new.log"..., 0x890560) = 0
lgetfilecon(0x7ffcdcdd5a40, 0x8905f8, 0, 0x7f670494ec85) = 0xffffffff
__errno_location()                               = 0x7f670504b6b8
getxattr(0x7ffcdcdd5a40, 0x418b7b, 0, 0)         = -1
__errno_location()                               = 0x7f670504b6b8
localeconv(8, 0x7ffcdcdd5b40, 0, 0)              = 0x7f6704c1da40
strlen(".")                                      = 1
strlen(",")                                      = 1
strlen("4")                                      = 1
__ctype_get_mb_cur_max()                         = 6
strlen("vipraja")                                = 7
__ctype_get_mb_cur_max()                         = 6
strlen("vipraja")                                = 7
__ctype_get_mb_cur_max()                         = 6
strlen("1")                                      = 1
localeconv(1435, 0x7ffcdcdd5b40, 0, 0)           = 0x7f6704c1da40
strlen(".")                                      = 1
strlen(",")                                      = 1
strlen("1435")                                   = 4
__ctype_get_mb_cur_max()                         = 6
strlen("strace_new.log")                         = 14
malloc(15)                                       = 0x89eb00
memcpy(0x89eb00, "strace_new.log\0", 15)         = 0x89eb00
readdir(0x896a40)                                = 0x896b38
strlen("strace.log")                             = 10
strlen("/home/vipraja/hw2")                      = 17
__lxstat(1, "/home/vipraja/hw2/strace.log", 0x890620) = 0
lgetfilecon(0x7ffcdcdd5a40, 0x8906b8, 0, 0x7f670494ec85) = 0xffffffff
__errno_location()                               = 0x7f670504b6b8
getxattr(0x7ffcdcdd5a40, 0x418b7b, 0, 0)         = -1
__errno_location()                               = 0x7f670504b6b8
localeconv(16, 0x7ffcdcdd5b40, 0, 0)             = 0x7f6704c1da40
strlen(".")                                      = 1
strlen(",")                                      = 1
strlen("8")                                      = 1
__ctype_get_mb_cur_max()                         = 6
strlen("vipraja")                                = 7
__ctype_get_mb_cur_max()                         = 6
strlen("vipraja")                                = 7
__ctype_get_mb_cur_max()                         = 6
strlen("1")                                      = 1
localeconv(7329, 0x7ffcdcdd5b40, 0, 0)           = 0x7f6704c1da40
strlen(".")                                      = 1
strlen(",")                                      = 1
strlen("7329")                                   = 4
__ctype_get_mb_cur_max()                         = 6
strlen("strace.log")                             = 10
malloc(11)                                       = 0x89eb20
memcpy(0x89eb20, "strace.log\0", 11)             = 0x89eb20
readdir(0x896a40)                                = 0x896b58
strlen("Makefile")                               = 8
strlen("/home/vipraja/hw2")                      = 17
__lxstat(1, "/home/vipraja/hw2/Makefile", 0x8906e0) = 0
lgetfilecon(0x7ffcdcdd5a40, 0x890778, 0, 0x7f670494ec85) = 0xffffffff
__errno_location()                               = 0x7f670504b6b8
getxattr(0x7ffcdcdd5a40, 0x418b7b, 0, 0)         = -1
__errno_location()                               = 0x7f670504b6b8
localeconv(8, 0x7ffcdcdd5b40, 0, 0)              = 0x7f6704c1da40
strlen(".")                                      = 1
strlen(",")                                      = 1
strlen("4")                                      = 1
__ctype_get_mb_cur_max()                         = 6
strlen("vipraja")                                = 7
__ctype_get_mb_cur_max()                         = 6
strlen("vipraja")                                = 7
__ctype_get_mb_cur_max()                         = 6
strlen("1")                                      = 1
localeconv(81, 0x7ffcdcdd5b40, 0, 0)             = 0x7f6704c1da40
strlen(".")                                      = 1
strlen(",")                                      = 1
strlen("81")                                     = 2
__ctype_get_mb_cur_max()                         = 6
strlen("Makefile")                               = 8
malloc(9)                                        = 0x89eb40
memcpy(0x89eb40, "Makefile\0", 9)                = 0x89eb40
readdir(0x896a40)                                = 0x896b78
strlen("problem2.c")                             = 10
strlen("/home/vipraja/hw2")                      = 17
__lxstat(1, "/home/vipraja/hw2/problem2.c", 0x8907a0) = 0
lgetfilecon(0x7ffcdcdd5a40, 0x890838, 0, 0x7f670494ec85) = 0xffffffff
__errno_location()                               = 0x7f670504b6b8
getxattr(0x7ffcdcdd5a40, 0x418b7b, 0, 0)         = -1
__errno_location()                               = 0x7f670504b6b8
localeconv(8, 0x7ffcdcdd5b40, 0, 0)              = 0x7f6704c1da40
strlen(".")                                      = 1
strlen(",")                                      = 1
strlen("4")                                      = 1
__ctype_get_mb_cur_max()                         = 6
strlen("vipraja")                                = 7
__ctype_get_mb_cur_max()                         = 6
strlen("vipraja")                                = 7
__ctype_get_mb_cur_max()                         = 6
strlen("1")                                      = 1
localeconv(2504, 0x7ffcdcdd5b40, 0, 0)           = 0x7f6704c1da40
strlen(".")                                      = 1
strlen(",")                                      = 1
strlen("2504")                                   = 4
__ctype_get_mb_cur_max()                         = 6
strlen("problem2.c")                             = 10
malloc(11)                                       = 0x89eb60
memcpy(0x89eb60, "problem2.c\0", 11)             = 0x89eb60
readdir(0x896a40)                                = 0x896b98
strlen("ltrace2.log")                            = 11
strlen("/home/vipraja/hw2")                      = 17
__lxstat(1, "/home/vipraja/hw2/ltrace2.log", 0x890860) = 0
lgetfilecon(0x7ffcdcdd5a40, 0x8908f8, 0, 0x7f670494ec85) = 0xffffffff
__errno_location()                               = 0x7f670504b6b8
getxattr(0x7ffcdcdd5a40, 0x418b7b, 0, 0)         = -1
__errno_location()                               = 0x7f670504b6b8
localeconv(88, 0x7ffcdcdd5b40, 0, 0)             = 0x7f6704c1da40
strlen(".")                                      = 1
strlen(",")                                      = 1
strlen("44")                                     = 2
__ctype_get_mb_cur_max()                         = 6
strlen("vipraja")                                = 7
__ctype_get_mb_cur_max()                         = 6
strlen("vipraja")                                = 7
__ctype_get_mb_cur_max()                         = 6
strlen("1")                                      = 1
localeconv(0xad86, 0x7ffcdcdd5b40, 0, 0)         = 0x7f6704c1da40
strlen(".")                                      = 1
strlen(",")                                      = 1
strlen("44422")                                  = 5
__ctype_get_mb_cur_max()                         = 6
strlen("ltrace2.log")                            = 11
malloc(12)                                       = 0x89eb80
memcpy(0x89eb80, "ltrace2.log\0", 12)            = 0x89eb80
readdir(0x896a40)                                = 0x896bb8
strlen(".Makefile.swp")                          = 13
strlen("/home/vipraja/hw2")                      = 17
__lxstat(1, "/home/vipraja/hw2/.Makefile.swp", 0x890920) = 0
lgetfilecon(0x7ffcdcdd5a40, 0x8909b8, 0, 0x7f670494ec85) = 0xffffffff
__errno_location()                               = 0x7f670504b6b8
getxattr(0x7ffcdcdd5a40, 0x418b7b, 0, 0)         = -1
__errno_location()                               = 0x7f670504b6b8
localeconv(24, 0x7ffcdcdd5b40, 0, 0)             = 0x7f6704c1da40
strlen(".")                                      = 1
strlen(",")                                      = 1
strlen("12")                                     = 2
__ctype_get_mb_cur_max()                         = 6
strlen("vipraja")                                = 7
__ctype_get_mb_cur_max()                         = 6
strlen("vipraja")                                = 7
__ctype_get_mb_cur_max()                         = 6
strlen("1")                                      = 1
localeconv(0x3000, 0x7ffcdcdd5b40, 0, 0)         = 0x7f6704c1da40
strlen(".")                                      = 1
strlen(",")                                      = 1
strlen("12288")                                  = 5
__ctype_get_mb_cur_max()                         = 6
strlen(".Makefile.swp")                          = 13
malloc(14)                                       = 0x89eba0
memcpy(0x89eba0, ".Makefile.swp\0", 14)          = 0x89eba0
readdir(0x896a40)                                = 0x896be0
strlen(".")                                      = 1
strlen("/home/vipraja/hw2")                      = 17
__lxstat(1, "/home/vipraja/hw2/.", 0x8909e0)     = 0
lgetfilecon(0x7ffcdcdd5a40, 0x890a78, 0, 0x7f670494ec85) = 0xffffffff
__errno_location()                               = 0x7f670504b6b8
getxattr(0x7ffcdcdd5a40, 0x418b7b, 0, 0)         = -1
__errno_location()                               = 0x7f670504b6b8
getxattr(0x7ffcdcdd5a40, 0x418b93, 0, 0)         = -1
__errno_location()                               = 0x7f670504b6b8
localeconv(8, 0x7ffcdcdd5b40, 0, 0)              = 0x7f6704c1da40
strlen(".")                                      = 1
strlen(",")                                      = 1
strlen("4")                                      = 1
__ctype_get_mb_cur_max()                         = 6
strlen("vipraja")                                = 7
__ctype_get_mb_cur_max()                         = 6
strlen("vipraja")                                = 7
__ctype_get_mb_cur_max()                         = 6
strlen("2")                                      = 1
localeconv(4096, 0x7ffcdcdd5b40, 0, 0)           = 0x7f6704c1da40
strlen(".")                                      = 1
strlen(",")                                      = 1
strlen("4096")                                   = 4
__ctype_get_mb_cur_max()                         = 6
strlen(".")                                      = 1
malloc(2)                                        = 0x89ebc0
memcpy(0x89ebc0, ".\0", 2)                       = 0x89ebc0
readdir(0x896a40)                                = 0x896bf8
strlen("problem2.o")                             = 10
strlen("/home/vipraja/hw2")                      = 17
__lxstat(1, "/home/vipraja/hw2/problem2.o", 0x890aa0) = 0
lgetfilecon(0x7ffcdcdd5a40, 0x890b38, 0, 0x7f670494ec85) = 0xffffffff
__errno_location()                               = 0x7f670504b6b8
getxattr(0x7ffcdcdd5a40, 0x418b7b, 0, 0)         = -1
__errno_location()                               = 0x7f670504b6b8
localeconv(32, 0x7ffcdcdd5b40, 0, 0)             = 0x7f6704c1da40
strlen(".")                                      = 1
strlen(",")                                      = 1
strlen("16")                                     = 2
__ctype_get_mb_cur_max()                         = 6
strlen("vipraja")                                = 7
__ctype_get_mb_cur_max()                         = 6
strlen("vipraja")                                = 7
__ctype_get_mb_cur_max()                         = 6
strlen("1")                                      = 1
localeconv(0x3418, 0x7ffcdcdd5b40, 0, 0)         = 0x7f6704c1da40
strlen(".")                                      = 1
strlen(",")                                      = 1
strlen("13336")                                  = 5
__ctype_get_mb_cur_max()                         = 6
strlen("problem2.o")                             = 10
malloc(11)                                       = 0x89ebe0
memcpy(0x89ebe0, "problem2.o\0", 11)             = 0x89ebe0
readdir(0x896a40)                                = 0x896c18
strlen("ltrace.log")                             = 10
strlen("/home/vipraja/hw2")                      = 17
__lxstat(1, "/home/vipraja/hw2/ltrace.log", 0x890b60) = 0
lgetfilecon(0x7ffcdcdd5a40, 0x890bf8, 0, 0x7f670494ec85) = 0xffffffff
__errno_location()                               = 0x7f670504b6b8
getxattr(0x7ffcdcdd5a40, 0x418b7b, 0, 0)         = -1
__errno_location()                               = 0x7f670504b6b8
localeconv(8, 0x7ffcdcdd5b40, 0, 0)              = 0x7f6704c1da40
strlen(".")                                      = 1
strlen(",")                                      = 1
strlen("4")                                      = 1
__ctype_get_mb_cur_max()                         = 6
strlen("vipraja")                                = 7
__ctype_get_mb_cur_max()                         = 6
strlen("vipraja")                                = 7
__ctype_get_mb_cur_max()                         = 6
strlen("1")                                      = 1
localeconv(1535, 0x7ffcdcdd5b40, 0, 0)           = 0x7f6704c1da40
strlen(".")                                      = 1
strlen(",")                                      = 1
strlen("1535")                                   = 4
__ctype_get_mb_cur_max()                         = 6
strlen("ltrace.log")                             = 10
malloc(11)                                       = 0x89ec00
memcpy(0x89ec00, "ltrace.log\0", 11)             = 0x89ec00
readdir(0x896a40)                                = 0x896c38
strlen("example.txt")                            = 11
strlen("/home/vipraja/hw2")                      = 17
__lxstat(1, "/home/vipraja/hw2/example.txt", 0x890c20) = 0
lgetfilecon(0x7ffcdcdd5a40, 0x890cb8, 0, 0x7f670494ec85) = 0xffffffff
__errno_location()                               = 0x7f670504b6b8
getxattr(0x7ffcdcdd5a40, 0x418b7b, 0, 0)         = -1
__errno_location()                               = 0x7f670504b6b8
localeconv(8, 0x7ffcdcdd5b40, 0, 0)              = 0x7f6704c1da40
strlen(".")                                      = 1
strlen(",")                                      = 1
strlen("4")                                      = 1
__ctype_get_mb_cur_max()                         = 6
strlen("vipraja")                                = 7
__ctype_get_mb_cur_max()                         = 6
strlen("vipraja")                                = 7
__ctype_get_mb_cur_max()                         = 6
strlen("1")                                      = 1
localeconv(8, 0x7ffcdcdd5b40, 0, 0)              = 0x7f6704c1da40
strlen(".")                                      = 1
strlen(",")                                      = 1
strlen("8")                                      = 1
__ctype_get_mb_cur_max()                         = 6
strlen("example.txt")                            = 11
malloc(12)                                       = 0x89ec20
memcpy(0x89ec20, "example.txt\0", 12)            = 0x89ec20
readdir(0x896a40)                                = 0x896c58
strlen("strace.sh")                              = 9
strlen("/home/vipraja/hw2")                      = 17
__lxstat(1, "/home/vipraja/hw2/strace.sh", 0x890ce0) = 0
lgetfilecon(0x7ffcdcdd5a40, 0x890d78, 0, 0x7f670494ec85) = 0xffffffff
__errno_location()                               = 0x7f670504b6b8
getxattr(0x7ffcdcdd5a40, 0x418b7b, 0, 0)         = -1
__errno_location()                               = 0x7f670504b6b8
localeconv(8, 0x7ffcdcdd5b40, 0, 0)              = 0x7f6704c1da40
strlen(".")                                      = 1
strlen(",")                                      = 1
strlen("4")                                      = 1
__ctype_get_mb_cur_max()                         = 6
strlen("vipraja")                                = 7
__ctype_get_mb_cur_max()                         = 6
strlen("vipraja")                                = 7
__ctype_get_mb_cur_max()                         = 6
strlen("1")                                      = 1
localeconv(103, 0x7ffcdcdd5b40, 0, 0)            = 0x7f6704c1da40
strlen(".")                                      = 1
strlen(",")                                      = 1
strlen("103")                                    = 3
__ctype_get_mb_cur_max()                         = 6
strlen("strace.sh")                              = 9
malloc(10)                                       = 0x89ec40
memcpy(0x89ec40, "strace.sh\0", 10)              = 0x89ec40
readdir(0x896a40)                                = 0
closedir(0x896a40 <unfinished ...>
free(0x896a40)                                   = <void>
<... closedir resumed> )                         = 0
free(0x8969d0)                                   = <void>
malloc(384)                                      = 0x896a40
_setjmp(0x61e680, 0x400000, 0x890d90, 0x896ac0)  = 0
__errno_location()                               = 0x7f670504b6b8
strcoll("example.txt", "strace.sh")              = -14
__errno_location()                               = 0x7f670504b6b8
strcoll("problem2.o", "ltrace.log")              = 4
memcpy(0x896ac8, "\220\n\211\0\0\0\0\0", 8)      = 0x896ac8
__errno_location()                               = 0x7f670504b6b8
strcoll("ltrace.log", "example.txt")             = 7
__errno_location()                               = 0x7f670504b6b8
strcoll("ltrace.log", "strace.sh")               = -7
__errno_location()                               = 0x7f670504b6b8
strcoll("problem2.o", "strace.sh")               = -3
__errno_location()                               = 0x7f670504b6b8
strcoll(".Makefile.swp", ".")                    = 1
__errno_location()                               = 0x7f670504b6b8
strcoll("problem2.c", "ltrace2.log")             = 4
__errno_location()                               = 0x7f670504b6b8
strcoll("ltrace2.log", ".")                      = 1
__errno_location()                               = 0x7f670504b6b8
strcoll("ltrace2.log", ".Makefile.swp")          = -1
__errno_location()                               = 0x7f670504b6b8
strcoll("problem2.c", ".Makefile.swp")           = 3
memcpy(0x896ad8, "\220\a\211\0\0\0\0\0", 8)      = 0x896ad8
__errno_location()                               = 0x7f670504b6b8
strcoll(".", "example.txt")                      = -1
__errno_location()                               = 0x7f670504b6b8
strcoll("ltrace2.log", "example.txt")            = 7
__errno_location()                               = 0x7f670504b6b8
strcoll("ltrace2.log", "ltrace.log")             = -19
__errno_location()                               = 0x7f670504b6b8
strcoll(".Makefile.swp", "ltrace.log")           = 1
__errno_location()                               = 0x7f670504b6b8
strcoll(".Makefile.swp", "problem2.o")           = -3
__errno_location()                               = 0x7f670504b6b8
strcoll("problem2.c", "problem2.o")              = -12
__errno_location()                               = 0x7f670504b6b8
strcoll("strace.log", "Makefile")                = 6
__errno_location()                               = 0x7f670504b6b8
strcoll("a.out", "strace_new.log")               = -18
memcpy(0x896ac8, "P\005\211\0\0\0\0\0", 8)       = 0x896ac8
__errno_location()                               = 0x7f670504b6b8
strcoll("a.out", "Makefile")                     = -12
__errno_location()                               = 0x7f670504b6b8
strcoll("strace_new.log", "Makefile")            = 6
__errno_location()                               = 0x7f670504b6b8
strcoll("strace_new.log", "strace.log")          = 2
memcpy(0x896a78, "P\005\211\0\0\0\0\0", 8)       = 0x896a78
__errno_location()                               = 0x7f670504b6b8
strcoll("strace_newopen.log", "ltrace1.log")     = 7
__errno_location()                               = 0x7f670504b6b8
strcoll("problem3.c", "..")                      = 1
memcpy(0x896ac8, "\220\001\211\0\0\0\0\0", 8)    = 0x896ac8
__errno_location()                               = 0x7f670504b6b8
strcoll("..", "ltrace1.log")                     = -1
__errno_location()                               = 0x7f670504b6b8
strcoll("problem3.c", "ltrace1.log")             = 4
__errno_location()                               = 0x7f670504b6b8
strcoll("problem3.c", "strace_newopen.log")      = -3
__errno_location()                               = 0x7f670504b6b8
strcoll("..", "a.out")                           = -1
__errno_location()                               = 0x7f670504b6b8
strcoll("ltrace1.log", "a.out")                  = 11
__errno_location()                               = 0x7f670504b6b8
strcoll("ltrace1.log", "Makefile")               = -1
__errno_location()                               = 0x7f670504b6b8
strcoll("problem3.c", "Makefile")                = 3
__errno_location()                               = 0x7f670504b6b8
strcoll("problem3.c", "strace.log")              = -3
__errno_location()                               = 0x7f670504b6b8
strcoll("strace_newopen.log", "strace.log")      = 2
__errno_location()                               = 0x7f670504b6b8
strcoll("strace_newopen.log", "strace_new.log")  = 3
memcpy(0x896af8, "\020\003\211\0\0\0\0\0", 8)    = 0x896af8
__errno_location()                               = 0x7f670504b6b8
strcoll("..", ".")                               = 1
__errno_location()                               = 0x7f670504b6b8
strcoll("..", "example.txt")                     = -1
__errno_location()                               = 0x7f670504b6b8
strcoll("a.out", "example.txt")                  = -4
__errno_location()                               = 0x7f670504b6b8
strcoll("ltrace1.log", "example.txt")            = 7
__errno_location()                               = 0x7f670504b6b8
strcoll("ltrace1.log", "ltrace2.log")            = -1
__errno_location()                               = 0x7f670504b6b8
strcoll("Makefile", "ltrace2.log")               = 1
__errno_location()                               = 0x7f670504b6b8
strcoll("Makefile", "ltrace.log")                = 1
__errno_location()                               = 0x7f670504b6b8
strcoll("Makefile", ".Makefile.swp")             = -1
__errno_location()                               = 0x7f670504b6b8
strcoll("problem3.c", ".Makefile.swp")           = 3
__errno_location()                               = 0x7f670504b6b8
strcoll("problem3.c", "problem2.c")              = 1
__errno_location()                               = 0x7f670504b6b8
strcoll("problem3.c", "problem2.o")              = 1
__errno_location()                               = 0x7f670504b6b8
strcoll("problem3.c", "strace.sh")               = -3
__errno_location()                               = 0x7f670504b6b8
strcoll("strace.log", "strace.sh")               = -7
__errno_location()                               = 0x7f670504b6b8
strcoll("strace_new.log", "strace.sh")           = -5
__errno_location()                               = 0x7f670504b6b8
strcoll("strace_newopen.log", "strace.sh")       = -5
dcgettext(0, 0x4167c2, 5, 30 <unfinished ...>
malloc(49)                                       = 0x896bd0
free(0x896bd0)                                   = <void>
malloc(49)                                       = 0x896bd0
malloc(72)                                       = 0x896c10
malloc(46)                                       = 0x896c60
malloc(56)                                       = 0x896ca0
malloc(55)                                       = 0x896ce0
malloc(56)                                       = 0x896d20
malloc(55)                                       = 0x896d60
free(0x896d60)                                   = <void>
malloc(58)                                       = 0x896da0
malloc(72)                                       = 0x896df0
malloc(55)                                       = 0x896d60
free(0x896d60)                                   = <void>
malloc(58)                                       = 0x896e40
free(0x896e40)                                   = <void>
malloc(55)                                       = 0x896d60
free(0x896d60)                                   = <void>
malloc(55)                                       = 0x896d60
free(0x896d60)                                   = <void>
malloc(200)                                      = 0x896e90
malloc(32)                                       = 0x896f60
malloc(32)                                       = 0x896f90
malloc(32)                                       = 0x896fc0
<... dcgettext resumed> )                        = 0x4167c2
fputs_unlocked(0x4167c2, 0x7f6704c1d620, 0x7f6704c1d920, 0 <unfinished ...>
malloc(4096)                                     = 0x896ff0
<... fputs_unlocked resumed> )                   = 1
strlen("total")                                  = 5
localeconv(272, 0x7ffcdcdd5f00, 0, 0)            = 0x7f6704c1da40
strlen(".")                                      = 1
strlen(",")                                      = 1
fputs_unlocked(0x7ffcdcdd6184, 0x7f6704c1d620, 0, 0xcccccccccccccccd) = 1
strlen("136")                                    = 3
__sprintf_chk(0x7ffcdcdd4f20, 1, -1, 0x41650b)   = 14
strlen("drwxrwxr-x  2 ")                         = 14
fputs_unlocked(0x7ffcdcdd4f20, 0x7f6704c1d620, 0xc000, 3872) = 1
strlen("vipraja")                                = 7
__ctype_get_mb_cur_max()                         = 6
fputs_unlocked(0x896330, 0x7f6704c1d620, 0, 816) = 1
strlen("vipraja")                                = 7
strlen("vipraja")                                = 7
__ctype_get_mb_cur_max()                         = 6
fputs_unlocked(0x8969a0, 0x7f6704c1d620, 0, 2464) = 1
strlen("vipraja")                                = 7
localeconv(4096, 0x7ffcdcdd4b30, 0, 0)           = 0x7f6704c1da40
strlen(".")                                      = 1
strlen(",")                                      = 1
strlen("4096")                                   = 4
__ctype_get_mb_cur_max()                         = 6
localtime(0x7ffcdcdd4af0 <unfinished ...>
free(0)                                          = <void>
malloc(15)                                       = 0x8969d0
malloc(552)                                      = 0x898000
free(0)                                          = <void>
malloc(4096)                                     = 0x898230
malloc(1559)                                     = 0x899240
free(0x898230)                                   = <void>
free(0x898000)                                   = <void>
malloc(20)                                       = 0x896d60
malloc(20)                                       = 0x896d80
malloc(20)                                       = 0x896e40
malloc(20)                                       = 0x896e60
malloc(20)                                       = 0x898000
free(0)                                          = <void>
<... localtime resumed> )                        = 0x7f6704c214a0
clock_gettime(0, 0x61f190, 0x5a7214bb, 0x8000000000000000) = 0
strstr("%b %e %H:%M", "%b")                      = "%b %e %H:%M"
strlen("%b %e %H:%M")                            = 11
__mempcpy_chk(0x7ffcdcdd4980, 0x4169ce, 0, 261)  = 0x7ffcdcdd4980
stpcpy(0x7ffcdcdd4980, "Jan")                    = 0x7ffcdcdd4983
strcpy(0x7ffcdcdd4983, " %e %H:%M")              = 0x7ffcdcdd4983
memcpy(0x7ffcdcdd4f2a, "31", 2)                  = 0x7ffcdcdd4f2a
memcpy(0x7ffcdcdd4f2d, "12", 2)                  = 0x7ffcdcdd4f2d
memcpy(0x7ffcdcdd4f30, "10", 2)                  = 0x7ffcdcdd4f30
fputs_unlocked(0x7ffcdcdd4f20, 0x7f6704c1d620, 13, 0) = 1
__errno_location()                               = 0x7f670504b6b8
__ctype_get_mb_cur_max()                         = 6
fwrite_unlocked(".", 1, 1, 0x7f6704c1d620)       = 1
__sprintf_chk(0x7ffcdcdd4f20, 1, -1, 0x41650b)   = 14
strlen("drwxr-xr-x 28 ")                         = 14
fputs_unlocked(0x7ffcdcdd4f20, 0x7f6704c1d620, 0x4000, 3872) = 1
strlen("vipraja")                                = 7
__ctype_get_mb_cur_max()                         = 6
fputs_unlocked(0x896330, 0x7f6704c1d620, 0, 816) = 1
strlen("vipraja")                                = 7
strlen("vipraja")                                = 7
__ctype_get_mb_cur_max()                         = 6
fputs_unlocked(0x8969a0, 0x7f6704c1d620, 0, 2464) = 1
strlen("vipraja")                                = 7
localeconv(4096, 0x7ffcdcdd4b30, 0, 0)           = 0x7f6704c1da40
strlen(".")                                      = 1
strlen(",")                                      = 1
strlen("4096")                                   = 4
__ctype_get_mb_cur_max()                         = 6
localtime(0x7ffcdcdd4af0 <unfinished ...>
free(0x8969d0)                                   = <void>
malloc(15)                                       = 0x8969d0
free(0)                                          = <void>
<... localtime resumed> )                        = 0x7f6704c214a0
strstr("%b %e %H:%M", "%b")                      = "%b %e %H:%M"
strlen("%b %e %H:%M")                            = 11
__mempcpy_chk(0x7ffcdcdd4980, 0x4169ce, 0, 261)  = 0x7ffcdcdd4980
stpcpy(0x7ffcdcdd4980, "Jan")                    = 0x7ffcdcdd4983
strcpy(0x7ffcdcdd4983, " %e %H:%M")              = 0x7ffcdcdd4983
memcpy(0x7ffcdcdd4f2a, "31", 2)                  = 0x7ffcdcdd4f2a
memcpy(0x7ffcdcdd4f2d, "11", 2)                  = 0x7ffcdcdd4f2d
memcpy(0x7ffcdcdd4f30, "49", 2)                  = 0x7ffcdcdd4f30
fputs_unlocked(0x7ffcdcdd4f20, 0x7f6704c1d620, 13, 0) = 1
__errno_location()                               = 0x7f670504b6b8
__ctype_get_mb_cur_max()                         = 6
fwrite_unlocked("..", 1, 2, 0x7f6704c1d620)      = 2
__sprintf_chk(0x7ffcdcdd4f20, 1, -1, 0x41650b)   = 14
strlen("-rwxrwxr-x  1 ")                         = 14
fputs_unlocked(0x7ffcdcdd4f20, 0x7f6704c1d620, 0x4000, 3872) = 1
strlen("vipraja")                                = 7
__ctype_get_mb_cur_max()                         = 6
fputs_unlocked(0x896330, 0x7f6704c1d620, 0, 816) = 1
strlen("vipraja")                                = 7
strlen("vipraja")                                = 7
__ctype_get_mb_cur_max()                         = 6
fputs_unlocked(0x8969a0, 0x7f6704c1d620, 0, 2464) = 1
strlen("vipraja")                                = 7
localeconv(0x3418, 0x7ffcdcdd4b30, 0, 0)         = 0x7f6704c1da40
strlen(".")                                      = 1
strlen(",")                                      = 1
strlen("13336")                                  = 5
__ctype_get_mb_cur_max()                         = 6
localtime(0x7ffcdcdd4af0 <unfinished ...>
free(0x8969d0)                                   = <void>
malloc(15)                                       = 0x8969d0
free(0)                                          = <void>
<... localtime resumed> )                        = 0x7f6704c214a0
strstr("%b %e %H:%M", "%b")                      = "%b %e %H:%M"
strlen("%b %e %H:%M")                            = 11
__mempcpy_chk(0x7ffcdcdd4980, 0x4169ce, 0, 261)  = 0x7ffcdcdd4980
stpcpy(0x7ffcdcdd4980, "Jan")                    = 0x7ffcdcdd4983
strcpy(0x7ffcdcdd4983, " %e %H:%M")              = 0x7ffcdcdd4983
memcpy(0x7ffcdcdd4f2a, "31", 2)                  = 0x7ffcdcdd4f2a
memcpy(0x7ffcdcdd4f2d, "11", 2)                  = 0x7ffcdcdd4f2d
memcpy(0x7ffcdcdd4f30, "56", 2)                  = 0x7ffcdcdd4f30
fputs_unlocked(0x7ffcdcdd4f20, 0x7f6704c1d620, 13, 0) = 1
__errno_location()                               = 0x7f670504b6b8
__ctype_get_mb_cur_max()                         = 6
fwrite_unlocked("a.out", 1, 5, 0x7f6704c1d620)   = 5
__sprintf_chk(0x7ffcdcdd4f20, 1, -1, 0x41650b)   = 14
strlen("-rwxrwxrwx  1 ")                         = 14
fputs_unlocked(0x7ffcdcdd4f20, 0x7f6704c1d620, 0x4000, 3872) = 1
strlen("vipraja")                                = 7
__ctype_get_mb_cur_max()                         = 6
fputs_unlocked(0x896330, 0x7f6704c1d620, 0, 816) = 1
strlen("vipraja")                                = 7
strlen("vipraja")                                = 7
__ctype_get_mb_cur_max()                         = 6
fputs_unlocked(0x8969a0, 0x7f6704c1d620, 0, 2464) = 1
strlen("vipraja")                                = 7
localeconv(8, 0x7ffcdcdd4b30, 0, 0)              = 0x7f6704c1da40
strlen(".")                                      = 1
strlen(",")                                      = 1
strlen("8")                                      = 1
__ctype_get_mb_cur_max()                         = 6
localtime(0x7ffcdcdd4af0 <unfinished ...>
free(0x8969d0)                                   = <void>
malloc(15)                                       = 0x8969d0
free(0)                                          = <void>
<... localtime resumed> )                        = 0x7f6704c214a0
strstr("%b %e %H:%M", "%b")                      = "%b %e %H:%M"
strlen("%b %e %H:%M")                            = 11
__mempcpy_chk(0x7ffcdcdd4980, 0x4169ce, 0, 261)  = 0x7ffcdcdd4980
stpcpy(0x7ffcdcdd4980, "Jan")                    = 0x7ffcdcdd4983
strcpy(0x7ffcdcdd4983, " %e %H:%M")              = 0x7ffcdcdd4983
memcpy(0x7ffcdcdd4f2a, "31", 2)                  = 0x7ffcdcdd4f2a
memcpy(0x7ffcdcdd4f2d, "12", 2)                  = 0x7ffcdcdd4f2d
memcpy(0x7ffcdcdd4f30, "10", 2)                  = 0x7ffcdcdd4f30
fputs_unlocked(0x7ffcdcdd4f20, 0x7f6704c1d620, 13, 0) = 1
__errno_location()                               = 0x7f670504b6b8
__ctype_get_mb_cur_max()                         = 6
fwrite_unlocked("example.txt", 1, 11, 0x7f6704c1d620) = 11
__sprintf_chk(0x7ffcdcdd4f20, 1, -1, 0x41650b)   = 14
strlen("-rw-rw-r--  1 ")                         = 14
fputs_unlocked(0x7ffcdcdd4f20, 0x7f6704c1d620, 0x4000, 3872) = 1
strlen("vipraja")                                = 7
__ctype_get_mb_cur_max()                         = 6
fputs_unlocked(0x896330, 0x7f6704c1d620, 0, 816) = 1
strlen("vipraja")                                = 7
strlen("vipraja")                                = 7
__ctype_get_mb_cur_max()                         = 6
fputs_unlocked(0x8969a0, 0x7f6704c1d620, 0, 2464) = 1
strlen("vipraja")                                = 7
localeconv(1522, 0x7ffcdcdd4b30, 0, 0)           = 0x7f6704c1da40
strlen(".")                                      = 1
strlen(",")                                      = 1
strlen("1522")                                   = 4
__ctype_get_mb_cur_max()                         = 6
localtime(0x7ffcdcdd4af0 <unfinished ...>
free(0x8969d0)                                   = <void>
malloc(15)                                       = 0x8969d0
free(0)                                          = <void>
<... localtime resumed> )                        = 0x7f6704c214a0
strstr("%b %e %H:%M", "%b")                      = "%b %e %H:%M"
strlen("%b %e %H:%M")                            = 11
__mempcpy_chk(0x7ffcdcdd4980, 0x4169ce, 0, 261)  = 0x7ffcdcdd4980
stpcpy(0x7ffcdcdd4980, "Jan")                    = 0x7ffcdcdd4983
strcpy(0x7ffcdcdd4983, " %e %H:%M")              = 0x7ffcdcdd4983
memcpy(0x7ffcdcdd4f2a, "31", 2)                  = 0x7ffcdcdd4f2a
memcpy(0x7ffcdcdd4f2d, "12", 2)                  = 0x7ffcdcdd4f2d
memcpy(0x7ffcdcdd4f30, "10", 2)                  = 0x7ffcdcdd4f30
fputs_unlocked(0x7ffcdcdd4f20, 0x7f6704c1d620, 13, 0) = 1
__errno_location()                               = 0x7f670504b6b8
__ctype_get_mb_cur_max()                         = 6
fwrite_unlocked("ltrace1.log", 1, 11, 0x7f6704c1d620) = 11
__sprintf_chk(0x7ffcdcdd4f20, 1, -1, 0x41650b)   = 14
strlen("-rw-rw-r--  1 ")                         = 14
fputs_unlocked(0x7ffcdcdd4f20, 0x7f6704c1d620, 0x4000, 3872) = 1
strlen("vipraja")                                = 7
__ctype_get_mb_cur_max()                         = 6
fputs_unlocked(0x896330, 0x7f6704c1d620, 0, 816) = 1
strlen("vipraja")                                = 7
strlen("vipraja")                                = 7
__ctype_get_mb_cur_max()                         = 6
fputs_unlocked(0x8969a0, 0x7f6704c1d620, 0, 2464) = 1
strlen("vipraja")                                = 7
localeconv(0xad86, 0x7ffcdcdd4b30, 0, 0)         = 0x7f6704c1da40
strlen(".")                                      = 1
strlen(",")                                      = 1
strlen("44422")                                  = 5
__ctype_get_mb_cur_max()                         = 6
localtime(0x7ffcdcdd4af0 <unfinished ...>
free(0x8969d0)                                   = <void>
malloc(15)                                       = 0x8969d0
free(0)                                          = <void>
<... localtime resumed> )                        = 0x7f6704c214a0
strstr("%b %e %H:%M", "%b")                      = "%b %e %H:%M"
strlen("%b %e %H:%M")                            = 11
__mempcpy_chk(0x7ffcdcdd4980, 0x4169ce, 0, 261)  = 0x7ffcdcdd4980
stpcpy(0x7ffcdcdd4980, "Jan")                    = 0x7ffcdcdd4983
strcpy(0x7ffcdcdd4983, " %e %H:%M")              = 0x7ffcdcdd4983
memcpy(0x7ffcdcdd4f2a, "31", 2)                  = 0x7ffcdcdd4f2a
memcpy(0x7ffcdcdd4f2d, "12", 2)                  = 0x7ffcdcdd4f2d
memcpy(0x7ffcdcdd4f30, "10", 2)                  = 0x7ffcdcdd4f30
fputs_unlocked(0x7ffcdcdd4f20, 0x7f6704c1d620, 13, 0) = 1
__errno_location()                               = 0x7f670504b6b8
__ctype_get_mb_cur_max()                         = 6
fwrite_unlocked("ltrace2.log", 1, 11, 0x7f6704c1d620) = 11
__sprintf_chk(0x7ffcdcdd4f20, 1, -1, 0x41650b)   = 14
strlen("-rw-rw-r--  1 ")                         = 14
fputs_unlocked(0x7ffcdcdd4f20, 0x7f6704c1d620, 0x4000, 3872) = 1
strlen("vipraja")                                = 7
__ctype_get_mb_cur_max()                         = 6
fputs_unlocked(0x896330, 0x7f6704c1d620, 0, 816) = 1
strlen("vipraja")                                = 7
strlen("vipraja")                                = 7
__ctype_get_mb_cur_max()                         = 6
fputs_unlocked(0x8969a0, 0x7f6704c1d620, 0, 2464) = 1
strlen("vipraja")                                = 7
localeconv(1535, 0x7ffcdcdd4b30, 0, 0)           = 0x7f6704c1da40
strlen(".")                                      = 1
strlen(",")                                      = 1
strlen("1535")                                   = 4
__ctype_get_mb_cur_max()                         = 6
localtime(0x7ffcdcdd4af0 <unfinished ...>
free(0x8969d0)                                   = <void>
malloc(15)                                       = 0x8969d0
free(0)                                          = <void>
<... localtime resumed> )                        = 0x7f6704c214a0
strstr("%b %e %H:%M", "%b")                      = "%b %e %H:%M"
strlen("%b %e %H:%M")                            = 11
__mempcpy_chk(0x7ffcdcdd4980, 0x4169ce, 0, 261)  = 0x7ffcdcdd4980
stpcpy(0x7ffcdcdd4980, "Jan")                    = 0x7ffcdcdd4983
strcpy(0x7ffcdcdd4983, " %e %H:%M")              = 0x7ffcdcdd4983
memcpy(0x7ffcdcdd4f2a, "30", 2)                  = 0x7ffcdcdd4f2a
memset(0x7ffcdcdd4f2d, '0', 1)                   = 0x7ffcdcdd4f2d
memcpy(0x7ffcdcdd4f2e, "5", 1)                   = 0x7ffcdcdd4f2e
memcpy(0x7ffcdcdd4f30, "34", 2)                  = 0x7ffcdcdd4f30
fputs_unlocked(0x7ffcdcdd4f20, 0x7f6704c1d620, 13, 0) = 1
__errno_location()                               = 0x7f670504b6b8
__ctype_get_mb_cur_max()                         = 6
fwrite_unlocked("ltrace.log", 1, 10, 0x7f6704c1d620) = 10
__sprintf_chk(0x7ffcdcdd4f20, 1, -1, 0x41650b)   = 14
strlen("-rw-rw-r--  1 ")                         = 14
fputs_unlocked(0x7ffcdcdd4f20, 0x7f6704c1d620, 0x4000, 3872) = 1
strlen("vipraja")                                = 7
__ctype_get_mb_cur_max()                         = 6
fputs_unlocked(0x896330, 0x7f6704c1d620, 0, 816) = 1
strlen("vipraja")                                = 7
strlen("vipraja")                                = 7
__ctype_get_mb_cur_max()                         = 6
fputs_unlocked(0x8969a0, 0x7f6704c1d620, 0, 2464) = 1
strlen("vipraja")                                = 7
localeconv(81, 0x7ffcdcdd4b30, 0, 0)             = 0x7f6704c1da40
strlen(".")                                      = 1
strlen(",")                                      = 1
strlen("81")                                     = 2
__ctype_get_mb_cur_max()                         = 6
localtime(0x7ffcdcdd4af0 <unfinished ...>
free(0x8969d0)                                   = <void>
malloc(15)                                       = 0x8969d0
free(0)                                          = <void>
<... localtime resumed> )                        = 0x7f6704c214a0
strstr("%b %e %H:%M", "%b")                      = "%b %e %H:%M"
strlen("%b %e %H:%M")                            = 11
__mempcpy_chk(0x7ffcdcdd4980, 0x4169ce, 0, 261)  = 0x7ffcdcdd4980
stpcpy(0x7ffcdcdd4980, "Jan")                    = 0x7ffcdcdd4983
strcpy(0x7ffcdcdd4983, " %e %H:%M")              = 0x7ffcdcdd4983
memcpy(0x7ffcdcdd4f2a, "30", 2)                  = 0x7ffcdcdd4f2a
memset(0x7ffcdcdd4f2d, '0', 1)                   = 0x7ffcdcdd4f2d
memcpy(0x7ffcdcdd4f2e, "2", 1)                   = 0x7ffcdcdd4f2e
memcpy(0x7ffcdcdd4f30, "42", 2)                  = 0x7ffcdcdd4f30
fputs_unlocked(0x7ffcdcdd4f20, 0x7f6704c1d620, 13, 0) = 1
__errno_location()                               = 0x7f670504b6b8
__ctype_get_mb_cur_max()                         = 6
fwrite_unlocked("Makefile", 1, 8, 0x7f6704c1d620) = 8
__sprintf_chk(0x7ffcdcdd4f20, 1, -1, 0x41650b)   = 14
strlen("-rw-r--r--  1 ")                         = 14
fputs_unlocked(0x7ffcdcdd4f20, 0x7f6704c1d620, 0x4000, 3872) = 1
strlen("vipraja")                                = 7
__ctype_get_mb_cur_max()                         = 6
fputs_unlocked(0x896330, 0x7f6704c1d620, 0, 816) = 1
strlen("vipraja")                                = 7
strlen("vipraja")                                = 7
__ctype_get_mb_cur_max()                         = 6
fputs_unlocked(0x8969a0, 0x7f6704c1d620, 0, 2464) = 1
strlen("vipraja")                                = 7
localeconv(0x3000, 0x7ffcdcdd4b30, 0, 0)         = 0x7f6704c1da40
strlen(".")                                      = 1
strlen(",")                                      = 1
strlen("12288")                                  = 5
__ctype_get_mb_cur_max()                         = 6
localtime(0x7ffcdcdd4af0 <unfinished ...>
free(0x8969d0)                                   = <void>
malloc(15)                                       = 0x8969d0
free(0)                                          = <void>
<... localtime resumed> )                        = 0x7f6704c214a0
strstr("%b %e %H:%M", "%b")                      = "%b %e %H:%M"
strlen("%b %e %H:%M")                            = 11
__mempcpy_chk(0x7ffcdcdd4980, 0x4169ce, 0, 261)  = 0x7ffcdcdd4980
stpcpy(0x7ffcdcdd4980, "Jan")                    = 0x7ffcdcdd4983
strcpy(0x7ffcdcdd4983, " %e %H:%M")              = 0x7ffcdcdd4983
memcpy(0x7ffcdcdd4f2a, "30", 2)                  = 0x7ffcdcdd4f2a
memset(0x7ffcdcdd4f2d, '0', 1)                   = 0x7ffcdcdd4f2d
memcpy(0x7ffcdcdd4f2e, "2", 1)                   = 0x7ffcdcdd4f2e
memcpy(0x7ffcdcdd4f30, "35", 2)                  = 0x7ffcdcdd4f30
fputs_unlocked(0x7ffcdcdd4f20, 0x7f6704c1d620, 13, 0) = 1
__errno_location()                               = 0x7f670504b6b8
__ctype_get_mb_cur_max()                         = 6
fwrite_unlocked(".Makefile.swp", 1, 13, 0x7f6704c1d620) = 13
__sprintf_chk(0x7ffcdcdd4f20, 1, -1, 0x41650b)   = 14
strlen("-rwxrwxrwx  1 ")                         = 14
fputs_unlocked(0x7ffcdcdd4f20, 0x7f6704c1d620, 0x4000, 3872) = 1
strlen("vipraja")                                = 7
__ctype_get_mb_cur_max()                         = 6
fputs_unlocked(0x896330, 0x7f6704c1d620, 0, 816) = 1
strlen("vipraja")                                = 7
strlen("vipraja")                                = 7
__ctype_get_mb_cur_max()                         = 6
fputs_unlocked(0x8969a0, 0x7f6704c1d620, 0, 2464) = 1
strlen("vipraja")                                = 7
localeconv(2504, 0x7ffcdcdd4b30, 0, 0)           = 0x7f6704c1da40
strlen(".")                                      = 1
strlen(",")                                      = 1
strlen("2504")                                   = 4
__ctype_get_mb_cur_max()                         = 6
localtime(0x7ffcdcdd4af0 <unfinished ...>
free(0x8969d0)                                   = <void>
malloc(15)                                       = 0x8969d0
free(0)                                          = <void>
<... localtime resumed> )                        = 0x7f6704c214a0
strstr("%b %e %H:%M", "%b")                      = "%b %e %H:%M"
strlen("%b %e %H:%M")                            = 11
__mempcpy_chk(0x7ffcdcdd4980, 0x4169ce, 0, 261)  = 0x7ffcdcdd4980
stpcpy(0x7ffcdcdd4980, "Jan")                    = 0x7ffcdcdd4983
strcpy(0x7ffcdcdd4983, " %e %H:%M")              = 0x7ffcdcdd4983
memcpy(0x7ffcdcdd4f2a, "31", 2)                  = 0x7ffcdcdd4f2a
memcpy(0x7ffcdcdd4f2d, "12", 2)                  = 0x7ffcdcdd4f2d
memset(0x7ffcdcdd4f30, '0', 1)                   = 0x7ffcdcdd4f30
memcpy(0x7ffcdcdd4f31, "4", 1)                   = 0x7ffcdcdd4f31
fputs_unlocked(0x7ffcdcdd4f20, 0x7f6704c1d620, 13, 0) = 1
__errno_location()                               = 0x7f670504b6b8
__ctype_get_mb_cur_max()                         = 6
fwrite_unlocked("problem2.c", 1, 10, 0x7f6704c1d620) = 10
__sprintf_chk(0x7ffcdcdd4f20, 1, -1, 0x41650b)   = 14
strlen("-rwxrwxr-x  1 ")                         = 14
fputs_unlocked(0x7ffcdcdd4f20, 0x7f6704c1d620, 0x4000, 3872) = 1
strlen("vipraja")                                = 7
__ctype_get_mb_cur_max()                         = 6
fputs_unlocked(0x896330, 0x7f6704c1d620, 0, 816) = 1
strlen("vipraja")                                = 7
strlen("vipraja")                                = 7
__ctype_get_mb_cur_max()                         = 6
fputs_unlocked(0x8969a0, 0x7f6704c1d620, 0, 2464) = 1
strlen("vipraja")                                = 7
localeconv(0x3418, 0x7ffcdcdd4b30, 0, 0)         = 0x7f6704c1da40
strlen(".")                                      = 1
strlen(",")                                      = 1
strlen("13336")                                  = 5
__ctype_get_mb_cur_max()                         = 6
localtime(0x7ffcdcdd4af0 <unfinished ...>
free(0x8969d0)                                   = <void>
malloc(15)                                       = 0x8969d0
free(0)                                          = <void>
<... localtime resumed> )                        = 0x7f6704c214a0
strstr("%b %e %H:%M", "%b")                      = "%b %e %H:%M"
strlen("%b %e %H:%M")                            = 11
__mempcpy_chk(0x7ffcdcdd4980, 0x4169ce, 0, 261)  = 0x7ffcdcdd4980
stpcpy(0x7ffcdcdd4980, "Jan")                    = 0x7ffcdcdd4983
strcpy(0x7ffcdcdd4983, " %e %H:%M")              = 0x7ffcdcdd4983
memcpy(0x7ffcdcdd4f2a, "31", 2)                  = 0x7ffcdcdd4f2a
memcpy(0x7ffcdcdd4f2d, "12", 2)                  = 0x7ffcdcdd4f2d
memset(0x7ffcdcdd4f30, '0', 1)                   = 0x7ffcdcdd4f30
memcpy(0x7ffcdcdd4f31, "4", 1)                   = 0x7ffcdcdd4f31
fputs_unlocked(0x7ffcdcdd4f20, 0x7f6704c1d620, 13, 0) = 1
__errno_location()                               = 0x7f670504b6b8
__ctype_get_mb_cur_max()                         = 6
fwrite_unlocked("problem2.o", 1, 10, 0x7f6704c1d620) = 10
__sprintf_chk(0x7ffcdcdd4f20, 1, -1, 0x41650b)   = 14
strlen("-rw-rw-r--  1 ")                         = 14
fputs_unlocked(0x7ffcdcdd4f20, 0x7f6704c1d620, 0x4000, 3872) = 1
strlen("vipraja")                                = 7
__ctype_get_mb_cur_max()                         = 6
fputs_unlocked(0x896330, 0x7f6704c1d620, 0, 816) = 1
strlen("vipraja")                                = 7
strlen("vipraja")                                = 7
__ctype_get_mb_cur_max()                         = 6
fputs_unlocked(0x8969a0, 0x7f6704c1d620, 0, 2464) = 1
strlen("vipraja")                                = 7
localeconv(0, 0x7ffcdcdd4b30, 0, 0)              = 0x7f6704c1da40
strlen(".")                                      = 1
strlen(",")                                      = 1
strlen("0")                                      = 1
__ctype_get_mb_cur_max()                         = 6
localtime(0x7ffcdcdd4af0 <unfinished ...>
free(0x8969d0)                                   = <void>
malloc(15)                                       = 0x8969d0
free(0)                                          = <void>
<... localtime resumed> )                        = 0x7f6704c214a0
strstr("%b %e %H:%M", "%b")                      = "%b %e %H:%M"
strlen("%b %e %H:%M")                            = 11
__mempcpy_chk(0x7ffcdcdd4980, 0x4169ce, 0, 261)  = 0x7ffcdcdd4980
stpcpy(0x7ffcdcdd4980, "Jan")                    = 0x7ffcdcdd4983
strcpy(0x7ffcdcdd4983, " %e %H:%M")              = 0x7ffcdcdd4983
memcpy(0x7ffcdcdd4f2a, "30", 2)                  = 0x7ffcdcdd4f2a
memset(0x7ffcdcdd4f2d, '0', 1)                   = 0x7ffcdcdd4f2d
memcpy(0x7ffcdcdd4f2e, "2", 1)                   = 0x7ffcdcdd4f2e
memcpy(0x7ffcdcdd4f30, "46", 2)                  = 0x7ffcdcdd4f30
fputs_unlocked(0x7ffcdcdd4f20, 0x7f6704c1d620, 13, 0) = 1
__errno_location()                               = 0x7f670504b6b8
__ctype_get_mb_cur_max()                         = 6
fwrite_unlocked("problem3.c", 1, 10, 0x7f6704c1d620) = 10
__sprintf_chk(0x7ffcdcdd4f20, 1, -1, 0x41650b)   = 14
strlen("-rw-rw-r--  1 ")                         = 14
fputs_unlocked(0x7ffcdcdd4f20, 0x7f6704c1d620, 0x4000, 3872) = 1
strlen("vipraja")                                = 7
__ctype_get_mb_cur_max()                         = 6
fputs_unlocked(0x896330, 0x7f6704c1d620, 0, 816) = 1
strlen("vipraja")                                = 7
strlen("vipraja")                                = 7
__ctype_get_mb_cur_max()                         = 6
fputs_unlocked(0x8969a0, 0x7f6704c1d620, 0, 2464) = 1
strlen("vipraja")                                = 7
localeconv(7329, 0x7ffcdcdd4b30, 0, 0)           = 0x7f6704c1da40
strlen(".")                                      = 1
strlen(",")                                      = 1
strlen("7329")                                   = 4
__ctype_get_mb_cur_max()                         = 6
localtime(0x7ffcdcdd4af0 <unfinished ...>
free(0x8969d0)                                   = <void>
malloc(15)                                       = 0x8969d0
free(0)                                          = <void>
<... localtime resumed> )                        = 0x7f6704c214a0
strstr("%b %e %H:%M", "%b")                      = "%b %e %H:%M"
strlen("%b %e %H:%M")                            = 11
__mempcpy_chk(0x7ffcdcdd4980, 0x4169ce, 0, 261)  = 0x7ffcdcdd4980
stpcpy(0x7ffcdcdd4980, "Jan")                    = 0x7ffcdcdd4983
strcpy(0x7ffcdcdd4983, " %e %H:%M")              = 0x7ffcdcdd4983
memcpy(0x7ffcdcdd4f2a, "31", 2)                  = 0x7ffcdcdd4f2a
memcpy(0x7ffcdcdd4f2d, "12", 2)                  = 0x7ffcdcdd4f2d
memset(0x7ffcdcdd4f30, '0', 1)                   = 0x7ffcdcdd4f30
memcpy(0x7ffcdcdd4f31, "5", 1)                   = 0x7ffcdcdd4f31
fputs_unlocked(0x7ffcdcdd4f20, 0x7f6704c1d620, 13, 0) = 1
__errno_location()                               = 0x7f670504b6b8
__ctype_get_mb_cur_max()                         = 6
fwrite_unlocked("strace.log", 1, 10, 0x7f6704c1d620) = 10
__sprintf_chk(0x7ffcdcdd4f20, 1, -1, 0x41650b)   = 14
strlen("-rw-rw-r--  1 ")                         = 14
fputs_unlocked(0x7ffcdcdd4f20, 0x7f6704c1d620, 0x4000, 3872) = 1
strlen("vipraja")                                = 7
__ctype_get_mb_cur_max()                         = 6
fputs_unlocked(0x896330, 0x7f6704c1d620, 0, 816) = 1
strlen("vipraja")                                = 7
strlen("vipraja")                                = 7
__ctype_get_mb_cur_max()                         = 6
fputs_unlocked(0x8969a0, 0x7f6704c1d620, 0, 2464) = 1
strlen("vipraja")                                = 7
localeconv(1435, 0x7ffcdcdd4b30, 0, 0)           = 0x7f6704c1da40
strlen(".")                                      = 1
strlen(",")                                      = 1
strlen("1435")                                   = 4
__ctype_get_mb_cur_max()                         = 6
localtime(0x7ffcdcdd4af0 <unfinished ...>
free(0x8969d0)                                   = <void>
malloc(15)                                       = 0x8969d0
free(0)                                          = <void>
<... localtime resumed> )                        = 0x7f6704c214a0
strstr("%b %e %H:%M", "%b")                      = "%b %e %H:%M"
strlen("%b %e %H:%M")                            = 11
__mempcpy_chk(0x7ffcdcdd4980, 0x4169ce, 0, 261)  = 0x7ffcdcdd4980
stpcpy(0x7ffcdcdd4980, "Jan")                    = 0x7ffcdcdd4983
strcpy(0x7ffcdcdd4983, " %e %H:%M")              = 0x7ffcdcdd4983
memcpy(0x7ffcdcdd4f2a, "31", 2)                  = 0x7ffcdcdd4f2a
memcpy(0x7ffcdcdd4f2d, "12", 2)                  = 0x7ffcdcdd4f2d
memset(0x7ffcdcdd4f30, '0', 1)                   = 0x7ffcdcdd4f30
memcpy(0x7ffcdcdd4f31, "5", 1)                   = 0x7ffcdcdd4f31
fputs_unlocked(0x7ffcdcdd4f20, 0x7f6704c1d620, 13, 0) = 1
__errno_location()                               = 0x7f670504b6b8
__ctype_get_mb_cur_max()                         = 6
fwrite_unlocked("strace_new.log", 1, 14, 0x7f6704c1d620) = 14
__sprintf_chk(0x7ffcdcdd4f20, 1, -1, 0x41650b)   = 14
strlen("-rw-rw-r--  1 ")                         = 14
fputs_unlocked(0x7ffcdcdd4f20, 0x7f6704c1d620, 0x4000, 3872) = 1
strlen("vipraja")                                = 7
__ctype_get_mb_cur_max()                         = 6
fputs_unlocked(0x896330, 0x7f6704c1d620, 0, 816) = 1
strlen("vipraja")                                = 7
strlen("vipraja")                                = 7
__ctype_get_mb_cur_max()                         = 6
fputs_unlocked(0x8969a0, 0x7f6704c1d620, 0, 2464) = 1
strlen("vipraja")                                = 7
localeconv(782, 0x7ffcdcdd4b30, 0, 0)            = 0x7f6704c1da40
strlen(".")                                      = 1
strlen(",")                                      = 1
strlen("782")                                    = 3
__ctype_get_mb_cur_max()                         = 6
localtime(0x7ffcdcdd4af0 <unfinished ...>
free(0x8969d0)                                   = <void>
malloc(15)                                       = 0x8969d0
free(0)                                          = <void>
<... localtime resumed> )                        = 0x7f6704c214a0
strstr("%b %e %H:%M", "%b")                      = "%b %e %H:%M"
strlen("%b %e %H:%M")                            = 11
__mempcpy_chk(0x7ffcdcdd4980, 0x4169ce, 0, 261)  = 0x7ffcdcdd4980
stpcpy(0x7ffcdcdd4980, "Jan")                    = 0x7ffcdcdd4983
strcpy(0x7ffcdcdd4983, " %e %H:%M")              = 0x7ffcdcdd4983
memcpy(0x7ffcdcdd4f2a, "31", 2)                  = 0x7ffcdcdd4f2a
memcpy(0x7ffcdcdd4f2d, "12", 2)                  = 0x7ffcdcdd4f2d
memset(0x7ffcdcdd4f30, '0', 1)                   = 0x7ffcdcdd4f30
memcpy(0x7ffcdcdd4f31, "9", 1)                   = 0x7ffcdcdd4f31
fputs_unlocked(0x7ffcdcdd4f20, 0x7f6704c1d620, 13, 0) = 1
__errno_location()                               = 0x7f670504b6b8
__ctype_get_mb_cur_max()                         = 6
fwrite_unlocked("strace_newopen.log", 1, 18, 0x7f6704c1d620) = 18
__sprintf_chk(0x7ffcdcdd4f20, 1, -1, 0x41650b)   = 14
strlen("-rwxrwxrwx  1 ")                         = 14
fputs_unlocked(0x7ffcdcdd4f20, 0x7f6704c1d620, 0x4000, 3872) = 1
strlen("vipraja")                                = 7
__ctype_get_mb_cur_max()                         = 6
fputs_unlocked(0x896330, 0x7f6704c1d620, 0, 816) = 1
strlen("vipraja")                                = 7
strlen("vipraja")                                = 7
__ctype_get_mb_cur_max()                         = 6
fputs_unlocked(0x8969a0, 0x7f6704c1d620, 0, 2464) = 1
strlen("vipraja")                                = 7
localeconv(103, 0x7ffcdcdd4b30, 0, 0)            = 0x7f6704c1da40
strlen(".")                                      = 1
strlen(",")                                      = 1
strlen("103")                                    = 3
__ctype_get_mb_cur_max()                         = 6
localtime(0x7ffcdcdd4af0 <unfinished ...>
free(0x8969d0)                                   = <void>
malloc(15)                                       = 0x8969d0
free(0)                                          = <void>
<... localtime resumed> )                        = 0x7f6704c214a0
strstr("%b %e %H:%M", "%b")                      = "%b %e %H:%M"
strlen("%b %e %H:%M")                            = 11
__mempcpy_chk(0x7ffcdcdd4980, 0x4169ce, 0, 261)  = 0x7ffcdcdd4980
stpcpy(0x7ffcdcdd4980, "Jan")                    = 0x7ffcdcdd4983
strcpy(0x7ffcdcdd4983, " %e %H:%M")              = 0x7ffcdcdd4983
memcpy(0x7ffcdcdd4f2a, "30", 2)                  = 0x7ffcdcdd4f2a
memset(0x7ffcdcdd4f2d, '0', 1)                   = 0x7ffcdcdd4f2d
memcpy(0x7ffcdcdd4f2e, "4", 1)                   = 0x7ffcdcdd4f2e
memcpy(0x7ffcdcdd4f30, "48", 2)                  = 0x7ffcdcdd4f30
fputs_unlocked(0x7ffcdcdd4f20, 0x7f6704c1d620, 13, 0) = 1
__errno_location()                               = 0x7f670504b6b8
__ctype_get_mb_cur_max()                         = 6
fwrite_unlocked("strace.sh", 1, 9, 0x7f6704c1d620) = 9
free(0x896a20)                                   = <void>
free(0)                                          = <void>
free(0x8969f0)                                   = <void>
__fpending(0x7f6704c1d620, 0, 0x40a320, 0x7f6704c1dc70) = 963
fileno(0x7f6704c1d620)                           = 1
__freading(0x7f6704c1d620, 0, 0x40a320, 0x7f6704c1dc70) = 0
__freading(0x7f6704c1d620, 0, 2052, 0x7f6704c1dc70) = 0
fflush(0x7f6704c1d620total 136
drwxrwxr-x  2 vipraja vipraja  4096 Jan 31 12:10 .
drwxr-xr-x 28 vipraja vipraja  4096 Jan 31 11:49 ..
-rwxrwxr-x  1 vipraja vipraja 13336 Jan 31 11:56 a.out
-rwxrwxrwx  1 vipraja vipraja     8 Jan 31 12:10 example.txt
-rw-rw-r--  1 vipraja vipraja  1522 Jan 31 12:10 ltrace1.log
-rw-rw-r--  1 vipraja vipraja 44422 Jan 31 12:10 ltrace2.log
-rw-rw-r--  1 vipraja vipraja  1535 Jan 30 05:34 ltrace.log
-rw-rw-r--  1 vipraja vipraja    81 Jan 30 02:42 Makefile
-rw-r--r--  1 vipraja vipraja 12288 Jan 30 02:35 .Makefile.swp
-rwxrwxrwx  1 vipraja vipraja  2504 Jan 31 12:04 problem2.c
-rwxrwxr-x  1 vipraja vipraja 13336 Jan 31 12:04 problem2.o
-rw-rw-r--  1 vipraja vipraja     0 Jan 30 02:46 problem3.c
-rw-rw-r--  1 vipraja vipraja  7329 Jan 31 12:05 strace.log
-rw-rw-r--  1 vipraja vipraja  1435 Jan 31 12:05 strace_new.log
-rw-rw-r--  1 vipraja vipraja   782 Jan 31 12:09 strace_newopen.log
-rwxrwxrwx  1 vipraja vipraja   103 Jan 30 04:48 strace.sh
)                           = 0
fclose(0x7f6704c1d620 <unfinished ...>
free(0x896ff0)                                   = <void>
<... fclose resumed> )                           = 0
__fpending(0x7f6704c1d540, 0, 0x7f6704c1e780, 0) = 0
fileno(0x7f6704c1d540)                           = 2
__freading(0x7f6704c1d540, 0, 0x7f6704c1e780, 0) = 0
__freading(0x7f6704c1d540, 0, 4, 0)              = 0
fflush(0x7f6704c1d540)                           = 0
fclose(0x7f6704c1d540)                           = 0
+++ exited (status 0) +++
