execve("./problem2.o", ["./problem2.o"], [/* 61 vars */]) = 0
brk(NULL)                               = 0x12fa000
access("/etc/ld.so.nohwcap", F_OK)      = -1 ENOENT (No such file or directory)
access("/etc/ld.so.preload", R_OK)      = -1 ENOENT (No such file or directory)
open("/etc/ld.so.cache", O_RDONLY|O_CLOEXEC) = 3
fstat(3, {st_mode=S_IFREG|0644, st_size=102289, ...}) = 0
mmap(NULL, 102289, PROT_READ, MAP_PRIVATE, 3, 0) = 0x7f8161559000
close(3)                                = 0
access("/etc/ld.so.nohwcap", F_OK)      = -1 ENOENT (No such file or directory)
open("/lib/x86_64-linux-gnu/libc.so.6", O_RDONLY|O_CLOEXEC) = 3
read(3, "\177ELF\2\1\1\3\0\0\0\0\0\0\0\0\3\0>\0\1\0\0\0P\t\2\0\0\0\0\0"..., 832) = 832
fstat(3, {st_mode=S_IFREG|0755, st_size=1868984, ...}) = 0
mmap(NULL, 4096, PROT_READ|PROT_WRITE, MAP_PRIVATE|MAP_ANONYMOUS, -1, 0) = 0x7f8161558000
mmap(NULL, 3971488, PROT_READ|PROT_EXEC, MAP_PRIVATE|MAP_DENYWRITE, 3, 0) = 0x7f8160f83000
mprotect(0x7f8161143000, 2097152, PROT_NONE) = 0
mmap(0x7f8161343000, 24576, PROT_READ|PROT_WRITE, MAP_PRIVATE|MAP_FIXED|MAP_DENYWRITE, 3, 0x1c0000) = 0x7f8161343000
mmap(0x7f8161349000, 14752, PROT_READ|PROT_WRITE, MAP_PRIVATE|MAP_FIXED|MAP_ANONYMOUS, -1, 0) = 0x7f8161349000
close(3)                                = 0
mmap(NULL, 4096, PROT_READ|PROT_WRITE, MAP_PRIVATE|MAP_ANONYMOUS, -1, 0) = 0x7f8161557000
mmap(NULL, 4096, PROT_READ|PROT_WRITE, MAP_PRIVATE|MAP_ANONYMOUS, -1, 0) = 0x7f8161556000
arch_prctl(ARCH_SET_FS, 0x7f8161557700) = 0
mprotect(0x7f8161343000, 16384, PROT_READ) = 0
mprotect(0x601000, 4096, PROT_READ)     = 0
mprotect(0x7f8161572000, 4096, PROT_READ) = 0
munmap(0x7f8161559000, 102289)          = 0
fstat(1, {st_mode=S_IFREG|0664, st_size=1697, ...}) = 0
brk(NULL)                               = 0x12fa000
brk(0x131c000)                          = 0x131c000
chmod("example.txt", 0777)              = 0
open("example.txt", O_WRONLY|O_CREAT|O_TRUNC, 0666) = 3
fstat(3, {st_mode=S_IFREG|0777, st_size=0, ...}) = 0
write(3, "P\f@\0\0\0\0\0", 8)           = 8
close(3)                                = 0
open("example.txt", O_WRONLY|O_CREAT|O_APPEND, 0666) = 3
lseek(3, 0, SEEK_END)                   = 8
open("example.txt", O_RDONLY)           = 4
fstat(0, {st_mode=S_IFCHR|0620, st_rdev=makedev(136, 1), ...}) = 0
read(0, "e\n", 1024)                    = 2
fstat(4, {st_mode=S_IFREG|0777, st_size=8, ...}) = 0
read(4, "P\f@\0\0\0\0\0", 4096)         = 8
read(4, "", 4096)                       = 0
close(4)                                = 0
open("example.txt", O_RDONLY)           = 4
fstat(4, {st_mode=S_IFREG|0777, st_size=8, ...}) = 0
read(4, "P\f@\0\0\0\0\0", 4096)         = 8
read(4, "", 4096)                       = 0
close(4)                                = 0
open("/dev/tty", O_RDWR|O_NOCTTY|O_NONBLOCK) = 4
writev(4, [{"*** Error in `", 14}, {"./problem2.o", 12}, {"': ", 3}, {"double free or corruption (!prev"..., 33}, {": 0x", 4}, {"00000000012fb580", 16}, {" ***\n", 5}], 7) = 87
mmap(NULL, 4096, PROT_READ|PROT_WRITE, MAP_PRIVATE|MAP_ANONYMOUS, -1, 0) = 0x7f8161571000
open("/etc/ld.so.cache", O_RDONLY|O_CLOEXEC) = 5
fstat(5, {st_mode=S_IFREG|0644, st_size=102289, ...}) = 0
mmap(NULL, 102289, PROT_READ, MAP_PRIVATE, 5, 0) = 0x7f816153d000
close(5)                                = 0
access("/etc/ld.so.nohwcap", F_OK)      = -1 ENOENT (No such file or directory)
mmap(NULL, 134217728, PROT_NONE, MAP_PRIVATE|MAP_ANONYMOUS|MAP_NORESERVE, -1, 0) = 0x7f8158f83000
munmap(0x7f8158f83000, 50843648)        = 0
munmap(0x7f8160000000, 16265216)        = 0
mprotect(0x7f815c000000, 135168, PROT_READ|PROT_WRITE) = 0
open("/lib/x86_64-linux-gnu/libgcc_s.so.1", O_RDONLY|O_CLOEXEC) = 5
read(5, "\177ELF\2\1\1\0\0\0\0\0\0\0\0\0\3\0>\0\1\0\0\0p*\0\0\0\0\0\0"..., 832) = 832
fstat(5, {st_mode=S_IFREG|0644, st_size=89696, ...}) = 0
mmap(NULL, 2185488, PROT_READ|PROT_EXEC, MAP_PRIVATE|MAP_DENYWRITE, 5, 0) = 0x7f8160d6d000
mprotect(0x7f8160d83000, 2093056, PROT_NONE) = 0
mmap(0x7f8160f82000, 4096, PROT_READ|PROT_WRITE, MAP_PRIVATE|MAP_FIXED|MAP_DENYWRITE, 5, 0x15000) = 0x7f8160f82000
close(5)                                = 0
munmap(0x7f816153d000, 102289)          = 0
write(4, "======= Backtrace: =========\n", 29) = 29
writev(4, [{"/lib/x86_64-linux-gnu/libc.so.6", 31}, {"(", 1}, {"+0x", 3}, {"777e5", 5}, {")", 1}, {"[0x", 3}, {"7f8160ffa7e5", 12}, {"]\n", 2}], 8) = 58
writev(4, [{"/lib/x86_64-linux-gnu/libc.so.6", 31}, {"(", 1}, {"+0x", 3}, {"8037a", 5}, {")", 1}, {"[0x", 3}, {"7f816100337a", 12}, {"]\n", 2}], 8) = 58
writev(4, [{"/lib/x86_64-linux-gnu/libc.so.6", 31}, {"(", 1}, {"cfree", 5}, {"+0x", 3}, {"4c", 2}, {")", 1}, {"[0x", 3}, {"7f816100753c", 12}, {"]\n", 2}], 9) = 60
writev(4, [{"./problem2.o", 12}, {"[0x", 3}, {"400b1e", 6}, {"]\n", 2}], 4) = 23
writev(4, [{"/lib/x86_64-linux-gnu/libc.so.6", 31}, {"(", 1}, {"__libc_start_main", 17}, {"+0x", 3}, {"f0", 2}, {")", 1}, {"[0x", 3}, {"7f8160fa3830", 12}, {"]\n", 2}], 9) = 72
writev(4, [{"./problem2.o", 12}, {"[0x", 3}, {"400809", 6}, {"]\n", 2}], 4) = 23
write(4, "======= Memory map: ========\n", 29) = 29
open("/proc/self/maps", O_RDONLY)       = 5
read(5, "00400000-00401000 r-xp 00000000 "..., 1024) = 1024
write(4, "00400000-00401000 r-xp 00000000 "..., 1024) = 1024
read(5, "so\n7f8161343000-7f8161347000 r--"..., 1024) = 1024
write(4, "so\n7f8161343000-7f8161347000 r--"..., 1024) = 1024
read(5, ":00 0                  [vsyscall"..., 1024) = 34
write(4, ":00 0                  [vsyscall"..., 34) = 34
read(5, "", 1024)                       = 0
close(5)                                = 0
rt_sigprocmask(SIG_UNBLOCK, [ABRT], NULL, 8) = 0
write(1, "APES Homework 2 \nFile permission"..., 139APES Homework 2 
File permissions change successful 
Write successful 
File is successfully closed 
Write successful 
Read successful = P 
) = 139
gettid()                                = 2185
tgkill(2185, 2185, SIGABRT)             = 0
--- SIGABRT {si_signo=SIGABRT, si_code=SI_TKILL, si_pid=2185, si_uid=1000} ---
+++ killed by SIGABRT (core dumped) +++
% time     seconds  usecs/call     calls    errors syscall
------ ----------- ----------- --------- --------- ----------------
  0.00    0.000000           0        11           read
  0.00    0.000000           0         7           write
  0.00    0.000000           0        10           open
  0.00    0.000000           0         8           close
  0.00    0.000000           0         9           fstat
  0.00    0.000000           0         1           lseek
  0.00    0.000000           0        12           mmap
  0.00    0.000000           0         6           mprotect
  0.00    0.000000           0         4           munmap
  0.00    0.000000           0         3           brk
  0.00    0.000000           0         1           rt_sigprocmask
  0.00    0.000000           0         7           writev
  0.00    0.000000           0         4         4 access
  0.00    0.000000           0         1           execve
  0.00    0.000000           0         1           chmod
  0.00    0.000000           0         1           arch_prctl
  0.00    0.000000           0         1           gettid
  0.00    0.000000           0         1           tgkill
------ ----------- ----------- --------- --------- ----------------
100.00    0.000000                    88         4 total
